ARM GAS  C:\Users\andywei\AppData\Local\Temp\ccHefmJq.s 			page 1


   1              		.cpu cortex-m4
   2              		.eabi_attribute 27, 1
   3              		.eabi_attribute 28, 1
   4              		.eabi_attribute 20, 1
   5              		.eabi_attribute 21, 1
   6              		.eabi_attribute 23, 3
   7              		.eabi_attribute 24, 1
   8              		.eabi_attribute 25, 1
   9              		.eabi_attribute 26, 1
  10              		.eabi_attribute 30, 1
  11              		.eabi_attribute 34, 1
  12              		.eabi_attribute 18, 4
  13              		.file	"stm32l4xx_hal_msp.c"
  14              		.text
  15              	.Ltext0:
  16              		.cfi_sections	.debug_frame
  17              		.section	.text.HAL_MspInit,"ax",%progbits
  18              		.align	1
  19              		.global	HAL_MspInit
  20              		.arch armv7e-m
  21              		.syntax unified
  22              		.thumb
  23              		.thumb_func
  24              		.fpu fpv4-sp-d16
  26              	HAL_MspInit:
  27              	.LFB132:
  28              		.file 1 "Src/stm32l4xx_hal_msp.c"
   1:Src/stm32l4xx_hal_msp.c **** /* USER CODE BEGIN Header */
   2:Src/stm32l4xx_hal_msp.c **** /**
   3:Src/stm32l4xx_hal_msp.c ****   ******************************************************************************
   4:Src/stm32l4xx_hal_msp.c ****   * File Name          : stm32l4xx_hal_msp.c
   5:Src/stm32l4xx_hal_msp.c ****   * Description        : This file provides code for the MSP Initialization 
   6:Src/stm32l4xx_hal_msp.c ****   *                      and de-Initialization codes.
   7:Src/stm32l4xx_hal_msp.c ****   ******************************************************************************
   8:Src/stm32l4xx_hal_msp.c ****   * @attention
   9:Src/stm32l4xx_hal_msp.c ****   *
  10:Src/stm32l4xx_hal_msp.c ****   * <h2><center>&copy; Copyright (c) 2020 STMicroelectronics.
  11:Src/stm32l4xx_hal_msp.c ****   * All rights reserved.</center></h2>
  12:Src/stm32l4xx_hal_msp.c ****   *
  13:Src/stm32l4xx_hal_msp.c ****   * This software component is licensed by ST under BSD 3-Clause license,
  14:Src/stm32l4xx_hal_msp.c ****   * the "License"; You may not use this file except in compliance with the
  15:Src/stm32l4xx_hal_msp.c ****   * License. You may obtain a copy of the License at:
  16:Src/stm32l4xx_hal_msp.c ****   *                        opensource.org/licenses/BSD-3-Clause
  17:Src/stm32l4xx_hal_msp.c ****   *
  18:Src/stm32l4xx_hal_msp.c ****   ******************************************************************************
  19:Src/stm32l4xx_hal_msp.c ****   */
  20:Src/stm32l4xx_hal_msp.c **** /* USER CODE END Header */
  21:Src/stm32l4xx_hal_msp.c **** 
  22:Src/stm32l4xx_hal_msp.c **** /* Includes ------------------------------------------------------------------*/
  23:Src/stm32l4xx_hal_msp.c **** #include "main.h"
  24:Src/stm32l4xx_hal_msp.c **** /* USER CODE BEGIN Includes */
  25:Src/stm32l4xx_hal_msp.c **** 
  26:Src/stm32l4xx_hal_msp.c **** /* USER CODE END Includes */
  27:Src/stm32l4xx_hal_msp.c **** 
  28:Src/stm32l4xx_hal_msp.c **** /* Private typedef -----------------------------------------------------------*/
  29:Src/stm32l4xx_hal_msp.c **** /* USER CODE BEGIN TD */
  30:Src/stm32l4xx_hal_msp.c **** 
ARM GAS  C:\Users\andywei\AppData\Local\Temp\ccHefmJq.s 			page 2


  31:Src/stm32l4xx_hal_msp.c **** /* USER CODE END TD */
  32:Src/stm32l4xx_hal_msp.c **** 
  33:Src/stm32l4xx_hal_msp.c **** /* Private define ------------------------------------------------------------*/
  34:Src/stm32l4xx_hal_msp.c **** /* USER CODE BEGIN Define */
  35:Src/stm32l4xx_hal_msp.c ****  
  36:Src/stm32l4xx_hal_msp.c **** /* USER CODE END Define */
  37:Src/stm32l4xx_hal_msp.c **** 
  38:Src/stm32l4xx_hal_msp.c **** /* Private macro -------------------------------------------------------------*/
  39:Src/stm32l4xx_hal_msp.c **** /* USER CODE BEGIN Macro */
  40:Src/stm32l4xx_hal_msp.c **** 
  41:Src/stm32l4xx_hal_msp.c **** /* USER CODE END Macro */
  42:Src/stm32l4xx_hal_msp.c **** 
  43:Src/stm32l4xx_hal_msp.c **** /* Private variables ---------------------------------------------------------*/
  44:Src/stm32l4xx_hal_msp.c **** /* USER CODE BEGIN PV */
  45:Src/stm32l4xx_hal_msp.c **** 
  46:Src/stm32l4xx_hal_msp.c **** /* USER CODE END PV */
  47:Src/stm32l4xx_hal_msp.c **** 
  48:Src/stm32l4xx_hal_msp.c **** /* Private function prototypes -----------------------------------------------*/
  49:Src/stm32l4xx_hal_msp.c **** /* USER CODE BEGIN PFP */
  50:Src/stm32l4xx_hal_msp.c **** 
  51:Src/stm32l4xx_hal_msp.c **** /* USER CODE END PFP */
  52:Src/stm32l4xx_hal_msp.c **** 
  53:Src/stm32l4xx_hal_msp.c **** /* External functions --------------------------------------------------------*/
  54:Src/stm32l4xx_hal_msp.c **** /* USER CODE BEGIN ExternalFunctions */
  55:Src/stm32l4xx_hal_msp.c **** 
  56:Src/stm32l4xx_hal_msp.c **** /* USER CODE END ExternalFunctions */
  57:Src/stm32l4xx_hal_msp.c **** 
  58:Src/stm32l4xx_hal_msp.c **** /* USER CODE BEGIN 0 */
  59:Src/stm32l4xx_hal_msp.c **** 
  60:Src/stm32l4xx_hal_msp.c **** /* USER CODE END 0 */
  61:Src/stm32l4xx_hal_msp.c **** /**
  62:Src/stm32l4xx_hal_msp.c ****   * Initializes the Global MSP.
  63:Src/stm32l4xx_hal_msp.c ****   */
  64:Src/stm32l4xx_hal_msp.c **** void HAL_MspInit(void)
  65:Src/stm32l4xx_hal_msp.c **** {
  29              		.loc 1 65 1 view -0
  30              		.cfi_startproc
  31              		@ args = 0, pretend = 0, frame = 8
  32              		@ frame_needed = 0, uses_anonymous_args = 0
  33              		@ link register save eliminated.
  34 0000 82B0     		sub	sp, sp, #8
  35              	.LCFI0:
  36              		.cfi_def_cfa_offset 8
  66:Src/stm32l4xx_hal_msp.c ****   /* USER CODE BEGIN MspInit 0 */
  67:Src/stm32l4xx_hal_msp.c **** 
  68:Src/stm32l4xx_hal_msp.c ****   /* USER CODE END MspInit 0 */
  69:Src/stm32l4xx_hal_msp.c **** 
  70:Src/stm32l4xx_hal_msp.c ****   __HAL_RCC_SYSCFG_CLK_ENABLE();
  37              		.loc 1 70 3 view .LVU1
  38              	.LBB2:
  39              		.loc 1 70 3 view .LVU2
  40              		.loc 1 70 3 view .LVU3
  41 0002 0A4B     		ldr	r3, .L3
  42 0004 1A6E     		ldr	r2, [r3, #96]
  43 0006 42F00102 		orr	r2, r2, #1
  44 000a 1A66     		str	r2, [r3, #96]
  45              		.loc 1 70 3 view .LVU4
ARM GAS  C:\Users\andywei\AppData\Local\Temp\ccHefmJq.s 			page 3


  46 000c 1A6E     		ldr	r2, [r3, #96]
  47 000e 02F00102 		and	r2, r2, #1
  48 0012 0092     		str	r2, [sp]
  49              		.loc 1 70 3 view .LVU5
  50 0014 009A     		ldr	r2, [sp]
  51              	.LBE2:
  52              		.loc 1 70 3 view .LVU6
  71:Src/stm32l4xx_hal_msp.c ****   __HAL_RCC_PWR_CLK_ENABLE();
  53              		.loc 1 71 3 view .LVU7
  54              	.LBB3:
  55              		.loc 1 71 3 view .LVU8
  56              		.loc 1 71 3 view .LVU9
  57 0016 9A6D     		ldr	r2, [r3, #88]
  58 0018 42F08052 		orr	r2, r2, #268435456
  59 001c 9A65     		str	r2, [r3, #88]
  60              		.loc 1 71 3 view .LVU10
  61 001e 9B6D     		ldr	r3, [r3, #88]
  62 0020 03F08053 		and	r3, r3, #268435456
  63 0024 0193     		str	r3, [sp, #4]
  64              		.loc 1 71 3 view .LVU11
  65 0026 019B     		ldr	r3, [sp, #4]
  66              	.LBE3:
  67              		.loc 1 71 3 view .LVU12
  72:Src/stm32l4xx_hal_msp.c **** 
  73:Src/stm32l4xx_hal_msp.c ****   /* System interrupt init*/
  74:Src/stm32l4xx_hal_msp.c **** 
  75:Src/stm32l4xx_hal_msp.c ****   /* USER CODE BEGIN MspInit 1 */
  76:Src/stm32l4xx_hal_msp.c **** 
  77:Src/stm32l4xx_hal_msp.c ****   /* USER CODE END MspInit 1 */
  78:Src/stm32l4xx_hal_msp.c **** }
  68              		.loc 1 78 1 is_stmt 0 view .LVU13
  69 0028 02B0     		add	sp, sp, #8
  70              	.LCFI1:
  71              		.cfi_def_cfa_offset 0
  72              		@ sp needed
  73 002a 7047     		bx	lr
  74              	.L4:
  75              		.align	2
  76              	.L3:
  77 002c 00100240 		.word	1073876992
  78              		.cfi_endproc
  79              	.LFE132:
  81              		.section	.text.HAL_SPI_MspInit,"ax",%progbits
  82              		.align	1
  83              		.global	HAL_SPI_MspInit
  84              		.syntax unified
  85              		.thumb
  86              		.thumb_func
  87              		.fpu fpv4-sp-d16
  89              	HAL_SPI_MspInit:
  90              	.LVL0:
  91              	.LFB133:
  79:Src/stm32l4xx_hal_msp.c **** 
  80:Src/stm32l4xx_hal_msp.c **** /**
  81:Src/stm32l4xx_hal_msp.c **** * @brief SPI MSP Initialization
  82:Src/stm32l4xx_hal_msp.c **** * This function configures the hardware resources used in this example
  83:Src/stm32l4xx_hal_msp.c **** * @param hspi: SPI handle pointer
ARM GAS  C:\Users\andywei\AppData\Local\Temp\ccHefmJq.s 			page 4


  84:Src/stm32l4xx_hal_msp.c **** * @retval None
  85:Src/stm32l4xx_hal_msp.c **** */
  86:Src/stm32l4xx_hal_msp.c **** void HAL_SPI_MspInit(SPI_HandleTypeDef* hspi)
  87:Src/stm32l4xx_hal_msp.c **** {
  92              		.loc 1 87 1 is_stmt 1 view -0
  93              		.cfi_startproc
  94              		@ args = 0, pretend = 0, frame = 32
  95              		@ frame_needed = 0, uses_anonymous_args = 0
  96              		.loc 1 87 1 is_stmt 0 view .LVU15
  97 0000 00B5     		push	{lr}
  98              	.LCFI2:
  99              		.cfi_def_cfa_offset 4
 100              		.cfi_offset 14, -4
 101 0002 89B0     		sub	sp, sp, #36
 102              	.LCFI3:
 103              		.cfi_def_cfa_offset 40
  88:Src/stm32l4xx_hal_msp.c ****   GPIO_InitTypeDef GPIO_InitStruct = {0};
 104              		.loc 1 88 3 is_stmt 1 view .LVU16
 105              		.loc 1 88 20 is_stmt 0 view .LVU17
 106 0004 0023     		movs	r3, #0
 107 0006 0393     		str	r3, [sp, #12]
 108 0008 0493     		str	r3, [sp, #16]
 109 000a 0593     		str	r3, [sp, #20]
 110 000c 0693     		str	r3, [sp, #24]
 111 000e 0793     		str	r3, [sp, #28]
  89:Src/stm32l4xx_hal_msp.c ****   if(hspi->Instance==SPI1)
 112              		.loc 1 89 3 is_stmt 1 view .LVU18
 113              		.loc 1 89 10 is_stmt 0 view .LVU19
 114 0010 0268     		ldr	r2, [r0]
 115              		.loc 1 89 5 view .LVU20
 116 0012 154B     		ldr	r3, .L9
 117 0014 9A42     		cmp	r2, r3
 118 0016 02D0     		beq	.L8
 119              	.LVL1:
 120              	.L5:
  90:Src/stm32l4xx_hal_msp.c ****   {
  91:Src/stm32l4xx_hal_msp.c ****   /* USER CODE BEGIN SPI1_MspInit 0 */
  92:Src/stm32l4xx_hal_msp.c **** 
  93:Src/stm32l4xx_hal_msp.c ****   /* USER CODE END SPI1_MspInit 0 */
  94:Src/stm32l4xx_hal_msp.c ****     /* Peripheral clock enable */
  95:Src/stm32l4xx_hal_msp.c ****     __HAL_RCC_SPI1_CLK_ENABLE();
  96:Src/stm32l4xx_hal_msp.c **** 
  97:Src/stm32l4xx_hal_msp.c ****     __HAL_RCC_GPIOA_CLK_ENABLE();
  98:Src/stm32l4xx_hal_msp.c ****     /**SPI1 GPIO Configuration
  99:Src/stm32l4xx_hal_msp.c ****     PA5     ------> SPI1_SCK
 100:Src/stm32l4xx_hal_msp.c ****     PA6     ------> SPI1_MISO
 101:Src/stm32l4xx_hal_msp.c ****     PA7     ------> SPI1_MOSI
 102:Src/stm32l4xx_hal_msp.c ****     */
 103:Src/stm32l4xx_hal_msp.c ****     GPIO_InitStruct.Pin = GPIO_PIN_5|GPIO_PIN_6|GPIO_PIN_7;
 104:Src/stm32l4xx_hal_msp.c ****     GPIO_InitStruct.Mode = GPIO_MODE_AF_PP;
 105:Src/stm32l4xx_hal_msp.c ****     GPIO_InitStruct.Pull = GPIO_NOPULL;
 106:Src/stm32l4xx_hal_msp.c ****     GPIO_InitStruct.Speed = GPIO_SPEED_FREQ_VERY_HIGH;
 107:Src/stm32l4xx_hal_msp.c ****     GPIO_InitStruct.Alternate = GPIO_AF5_SPI1;
 108:Src/stm32l4xx_hal_msp.c ****     HAL_GPIO_Init(GPIOA, &GPIO_InitStruct);
 109:Src/stm32l4xx_hal_msp.c **** 
 110:Src/stm32l4xx_hal_msp.c ****   /* USER CODE BEGIN SPI1_MspInit 1 */
 111:Src/stm32l4xx_hal_msp.c **** 
ARM GAS  C:\Users\andywei\AppData\Local\Temp\ccHefmJq.s 			page 5


 112:Src/stm32l4xx_hal_msp.c ****   /* USER CODE END SPI1_MspInit 1 */
 113:Src/stm32l4xx_hal_msp.c ****   }
 114:Src/stm32l4xx_hal_msp.c **** 
 115:Src/stm32l4xx_hal_msp.c **** }
 121              		.loc 1 115 1 view .LVU21
 122 0018 09B0     		add	sp, sp, #36
 123              	.LCFI4:
 124              		.cfi_remember_state
 125              		.cfi_def_cfa_offset 4
 126              		@ sp needed
 127 001a 5DF804FB 		ldr	pc, [sp], #4
 128              	.LVL2:
 129              	.L8:
 130              	.LCFI5:
 131              		.cfi_restore_state
  95:Src/stm32l4xx_hal_msp.c **** 
 132              		.loc 1 95 5 is_stmt 1 view .LVU22
 133              	.LBB4:
  95:Src/stm32l4xx_hal_msp.c **** 
 134              		.loc 1 95 5 view .LVU23
  95:Src/stm32l4xx_hal_msp.c **** 
 135              		.loc 1 95 5 view .LVU24
 136 001e 03F56043 		add	r3, r3, #57344
 137 0022 1A6E     		ldr	r2, [r3, #96]
 138 0024 42F48052 		orr	r2, r2, #4096
 139 0028 1A66     		str	r2, [r3, #96]
  95:Src/stm32l4xx_hal_msp.c **** 
 140              		.loc 1 95 5 view .LVU25
 141 002a 1A6E     		ldr	r2, [r3, #96]
 142 002c 02F48052 		and	r2, r2, #4096
 143 0030 0192     		str	r2, [sp, #4]
  95:Src/stm32l4xx_hal_msp.c **** 
 144              		.loc 1 95 5 view .LVU26
 145 0032 019A     		ldr	r2, [sp, #4]
 146              	.LBE4:
  95:Src/stm32l4xx_hal_msp.c **** 
 147              		.loc 1 95 5 view .LVU27
  97:Src/stm32l4xx_hal_msp.c ****     /**SPI1 GPIO Configuration
 148              		.loc 1 97 5 view .LVU28
 149              	.LBB5:
  97:Src/stm32l4xx_hal_msp.c ****     /**SPI1 GPIO Configuration
 150              		.loc 1 97 5 view .LVU29
  97:Src/stm32l4xx_hal_msp.c ****     /**SPI1 GPIO Configuration
 151              		.loc 1 97 5 view .LVU30
 152 0034 DA6C     		ldr	r2, [r3, #76]
 153 0036 42F00102 		orr	r2, r2, #1
 154 003a DA64     		str	r2, [r3, #76]
  97:Src/stm32l4xx_hal_msp.c ****     /**SPI1 GPIO Configuration
 155              		.loc 1 97 5 view .LVU31
 156 003c DB6C     		ldr	r3, [r3, #76]
 157 003e 03F00103 		and	r3, r3, #1
 158 0042 0293     		str	r3, [sp, #8]
  97:Src/stm32l4xx_hal_msp.c ****     /**SPI1 GPIO Configuration
 159              		.loc 1 97 5 view .LVU32
 160 0044 029B     		ldr	r3, [sp, #8]
 161              	.LBE5:
  97:Src/stm32l4xx_hal_msp.c ****     /**SPI1 GPIO Configuration
ARM GAS  C:\Users\andywei\AppData\Local\Temp\ccHefmJq.s 			page 6


 162              		.loc 1 97 5 view .LVU33
 103:Src/stm32l4xx_hal_msp.c ****     GPIO_InitStruct.Mode = GPIO_MODE_AF_PP;
 163              		.loc 1 103 5 view .LVU34
 103:Src/stm32l4xx_hal_msp.c ****     GPIO_InitStruct.Mode = GPIO_MODE_AF_PP;
 164              		.loc 1 103 25 is_stmt 0 view .LVU35
 165 0046 E023     		movs	r3, #224
 166 0048 0393     		str	r3, [sp, #12]
 104:Src/stm32l4xx_hal_msp.c ****     GPIO_InitStruct.Pull = GPIO_NOPULL;
 167              		.loc 1 104 5 is_stmt 1 view .LVU36
 104:Src/stm32l4xx_hal_msp.c ****     GPIO_InitStruct.Pull = GPIO_NOPULL;
 168              		.loc 1 104 26 is_stmt 0 view .LVU37
 169 004a 0223     		movs	r3, #2
 170 004c 0493     		str	r3, [sp, #16]
 105:Src/stm32l4xx_hal_msp.c ****     GPIO_InitStruct.Speed = GPIO_SPEED_FREQ_VERY_HIGH;
 171              		.loc 1 105 5 is_stmt 1 view .LVU38
 105:Src/stm32l4xx_hal_msp.c ****     GPIO_InitStruct.Speed = GPIO_SPEED_FREQ_VERY_HIGH;
 172              		.loc 1 105 26 is_stmt 0 view .LVU39
 173 004e 0023     		movs	r3, #0
 174 0050 0593     		str	r3, [sp, #20]
 106:Src/stm32l4xx_hal_msp.c ****     GPIO_InitStruct.Alternate = GPIO_AF5_SPI1;
 175              		.loc 1 106 5 is_stmt 1 view .LVU40
 106:Src/stm32l4xx_hal_msp.c ****     GPIO_InitStruct.Alternate = GPIO_AF5_SPI1;
 176              		.loc 1 106 27 is_stmt 0 view .LVU41
 177 0052 0323     		movs	r3, #3
 178 0054 0693     		str	r3, [sp, #24]
 107:Src/stm32l4xx_hal_msp.c ****     HAL_GPIO_Init(GPIOA, &GPIO_InitStruct);
 179              		.loc 1 107 5 is_stmt 1 view .LVU42
 107:Src/stm32l4xx_hal_msp.c ****     HAL_GPIO_Init(GPIOA, &GPIO_InitStruct);
 180              		.loc 1 107 31 is_stmt 0 view .LVU43
 181 0056 0523     		movs	r3, #5
 182 0058 0793     		str	r3, [sp, #28]
 108:Src/stm32l4xx_hal_msp.c **** 
 183              		.loc 1 108 5 is_stmt 1 view .LVU44
 184 005a 03A9     		add	r1, sp, #12
 185 005c 4FF09040 		mov	r0, #1207959552
 186              	.LVL3:
 108:Src/stm32l4xx_hal_msp.c **** 
 187              		.loc 1 108 5 is_stmt 0 view .LVU45
 188 0060 FFF7FEFF 		bl	HAL_GPIO_Init
 189              	.LVL4:
 190              		.loc 1 115 1 view .LVU46
 191 0064 D8E7     		b	.L5
 192              	.L10:
 193 0066 00BF     		.align	2
 194              	.L9:
 195 0068 00300140 		.word	1073819648
 196              		.cfi_endproc
 197              	.LFE133:
 199              		.section	.text.HAL_SPI_MspDeInit,"ax",%progbits
 200              		.align	1
 201              		.global	HAL_SPI_MspDeInit
 202              		.syntax unified
 203              		.thumb
 204              		.thumb_func
 205              		.fpu fpv4-sp-d16
 207              	HAL_SPI_MspDeInit:
 208              	.LVL5:
ARM GAS  C:\Users\andywei\AppData\Local\Temp\ccHefmJq.s 			page 7


 209              	.LFB134:
 116:Src/stm32l4xx_hal_msp.c **** 
 117:Src/stm32l4xx_hal_msp.c **** /**
 118:Src/stm32l4xx_hal_msp.c **** * @brief SPI MSP De-Initialization
 119:Src/stm32l4xx_hal_msp.c **** * This function freeze the hardware resources used in this example
 120:Src/stm32l4xx_hal_msp.c **** * @param hspi: SPI handle pointer
 121:Src/stm32l4xx_hal_msp.c **** * @retval None
 122:Src/stm32l4xx_hal_msp.c **** */
 123:Src/stm32l4xx_hal_msp.c **** void HAL_SPI_MspDeInit(SPI_HandleTypeDef* hspi)
 124:Src/stm32l4xx_hal_msp.c **** {
 210              		.loc 1 124 1 is_stmt 1 view -0
 211              		.cfi_startproc
 212              		@ args = 0, pretend = 0, frame = 0
 213              		@ frame_needed = 0, uses_anonymous_args = 0
 214              		.loc 1 124 1 is_stmt 0 view .LVU48
 215 0000 08B5     		push	{r3, lr}
 216              	.LCFI6:
 217              		.cfi_def_cfa_offset 8
 218              		.cfi_offset 3, -8
 219              		.cfi_offset 14, -4
 125:Src/stm32l4xx_hal_msp.c ****   if(hspi->Instance==SPI1)
 220              		.loc 1 125 3 is_stmt 1 view .LVU49
 221              		.loc 1 125 10 is_stmt 0 view .LVU50
 222 0002 0268     		ldr	r2, [r0]
 223              		.loc 1 125 5 view .LVU51
 224 0004 074B     		ldr	r3, .L15
 225 0006 9A42     		cmp	r2, r3
 226 0008 00D0     		beq	.L14
 227              	.LVL6:
 228              	.L11:
 126:Src/stm32l4xx_hal_msp.c ****   {
 127:Src/stm32l4xx_hal_msp.c ****   /* USER CODE BEGIN SPI1_MspDeInit 0 */
 128:Src/stm32l4xx_hal_msp.c **** 
 129:Src/stm32l4xx_hal_msp.c ****   /* USER CODE END SPI1_MspDeInit 0 */
 130:Src/stm32l4xx_hal_msp.c ****     /* Peripheral clock disable */
 131:Src/stm32l4xx_hal_msp.c ****     __HAL_RCC_SPI1_CLK_DISABLE();
 132:Src/stm32l4xx_hal_msp.c **** 
 133:Src/stm32l4xx_hal_msp.c ****     /**SPI1 GPIO Configuration
 134:Src/stm32l4xx_hal_msp.c ****     PA5     ------> SPI1_SCK
 135:Src/stm32l4xx_hal_msp.c ****     PA6     ------> SPI1_MISO
 136:Src/stm32l4xx_hal_msp.c ****     PA7     ------> SPI1_MOSI
 137:Src/stm32l4xx_hal_msp.c ****     */
 138:Src/stm32l4xx_hal_msp.c ****     HAL_GPIO_DeInit(GPIOA, GPIO_PIN_5|GPIO_PIN_6|GPIO_PIN_7);
 139:Src/stm32l4xx_hal_msp.c **** 
 140:Src/stm32l4xx_hal_msp.c ****   /* USER CODE BEGIN SPI1_MspDeInit 1 */
 141:Src/stm32l4xx_hal_msp.c **** 
 142:Src/stm32l4xx_hal_msp.c ****   /* USER CODE END SPI1_MspDeInit 1 */
 143:Src/stm32l4xx_hal_msp.c ****   }
 144:Src/stm32l4xx_hal_msp.c **** 
 145:Src/stm32l4xx_hal_msp.c **** }
 229              		.loc 1 145 1 view .LVU52
 230 000a 08BD     		pop	{r3, pc}
 231              	.LVL7:
 232              	.L14:
 131:Src/stm32l4xx_hal_msp.c **** 
 233              		.loc 1 131 5 is_stmt 1 view .LVU53
 234 000c 064A     		ldr	r2, .L15+4
ARM GAS  C:\Users\andywei\AppData\Local\Temp\ccHefmJq.s 			page 8


 235 000e 136E     		ldr	r3, [r2, #96]
 236 0010 23F48053 		bic	r3, r3, #4096
 237 0014 1366     		str	r3, [r2, #96]
 138:Src/stm32l4xx_hal_msp.c **** 
 238              		.loc 1 138 5 view .LVU54
 239 0016 E021     		movs	r1, #224
 240 0018 4FF09040 		mov	r0, #1207959552
 241              	.LVL8:
 138:Src/stm32l4xx_hal_msp.c **** 
 242              		.loc 1 138 5 is_stmt 0 view .LVU55
 243 001c FFF7FEFF 		bl	HAL_GPIO_DeInit
 244              	.LVL9:
 245              		.loc 1 145 1 view .LVU56
 246 0020 F3E7     		b	.L11
 247              	.L16:
 248 0022 00BF     		.align	2
 249              	.L15:
 250 0024 00300140 		.word	1073819648
 251 0028 00100240 		.word	1073876992
 252              		.cfi_endproc
 253              	.LFE134:
 255              		.section	.text.HAL_UART_MspInit,"ax",%progbits
 256              		.align	1
 257              		.global	HAL_UART_MspInit
 258              		.syntax unified
 259              		.thumb
 260              		.thumb_func
 261              		.fpu fpv4-sp-d16
 263              	HAL_UART_MspInit:
 264              	.LVL10:
 265              	.LFB135:
 146:Src/stm32l4xx_hal_msp.c **** 
 147:Src/stm32l4xx_hal_msp.c **** /**
 148:Src/stm32l4xx_hal_msp.c **** * @brief UART MSP Initialization
 149:Src/stm32l4xx_hal_msp.c **** * This function configures the hardware resources used in this example
 150:Src/stm32l4xx_hal_msp.c **** * @param huart: UART handle pointer
 151:Src/stm32l4xx_hal_msp.c **** * @retval None
 152:Src/stm32l4xx_hal_msp.c **** */
 153:Src/stm32l4xx_hal_msp.c **** void HAL_UART_MspInit(UART_HandleTypeDef* huart)
 154:Src/stm32l4xx_hal_msp.c **** {
 266              		.loc 1 154 1 is_stmt 1 view -0
 267              		.cfi_startproc
 268              		@ args = 0, pretend = 0, frame = 40
 269              		@ frame_needed = 0, uses_anonymous_args = 0
 270              		.loc 1 154 1 is_stmt 0 view .LVU58
 271 0000 30B5     		push	{r4, r5, lr}
 272              	.LCFI7:
 273              		.cfi_def_cfa_offset 12
 274              		.cfi_offset 4, -12
 275              		.cfi_offset 5, -8
 276              		.cfi_offset 14, -4
 277 0002 8BB0     		sub	sp, sp, #44
 278              	.LCFI8:
 279              		.cfi_def_cfa_offset 56
 155:Src/stm32l4xx_hal_msp.c ****   GPIO_InitTypeDef GPIO_InitStruct = {0};
 280              		.loc 1 155 3 is_stmt 1 view .LVU59
 281              		.loc 1 155 20 is_stmt 0 view .LVU60
ARM GAS  C:\Users\andywei\AppData\Local\Temp\ccHefmJq.s 			page 9


 282 0004 0023     		movs	r3, #0
 283 0006 0593     		str	r3, [sp, #20]
 284 0008 0693     		str	r3, [sp, #24]
 285 000a 0793     		str	r3, [sp, #28]
 286 000c 0893     		str	r3, [sp, #32]
 287 000e 0993     		str	r3, [sp, #36]
 156:Src/stm32l4xx_hal_msp.c ****   if(huart->Instance==USART1)
 288              		.loc 1 156 3 is_stmt 1 view .LVU61
 289              		.loc 1 156 11 is_stmt 0 view .LVU62
 290 0010 0368     		ldr	r3, [r0]
 291              		.loc 1 156 5 view .LVU63
 292 0012 2F4A     		ldr	r2, .L23
 293 0014 9342     		cmp	r3, r2
 294 0016 04D0     		beq	.L21
 157:Src/stm32l4xx_hal_msp.c ****   {
 158:Src/stm32l4xx_hal_msp.c ****   /* USER CODE BEGIN USART1_MspInit 0 */
 159:Src/stm32l4xx_hal_msp.c **** 
 160:Src/stm32l4xx_hal_msp.c ****   /* USER CODE END USART1_MspInit 0 */
 161:Src/stm32l4xx_hal_msp.c ****     /* Peripheral clock enable */
 162:Src/stm32l4xx_hal_msp.c ****     __HAL_RCC_USART1_CLK_ENABLE();
 163:Src/stm32l4xx_hal_msp.c **** 
 164:Src/stm32l4xx_hal_msp.c ****     __HAL_RCC_GPIOA_CLK_ENABLE();
 165:Src/stm32l4xx_hal_msp.c ****     /**USART1 GPIO Configuration
 166:Src/stm32l4xx_hal_msp.c ****     PA9     ------> USART1_TX
 167:Src/stm32l4xx_hal_msp.c ****     PA10     ------> USART1_RX
 168:Src/stm32l4xx_hal_msp.c ****     */
 169:Src/stm32l4xx_hal_msp.c ****     GPIO_InitStruct.Pin = DUT_TX_Pin|DUT_RX_Pin;
 170:Src/stm32l4xx_hal_msp.c ****     GPIO_InitStruct.Mode = GPIO_MODE_AF_PP;
 171:Src/stm32l4xx_hal_msp.c ****     GPIO_InitStruct.Pull = GPIO_NOPULL;
 172:Src/stm32l4xx_hal_msp.c ****     GPIO_InitStruct.Speed = GPIO_SPEED_FREQ_VERY_HIGH;
 173:Src/stm32l4xx_hal_msp.c ****     GPIO_InitStruct.Alternate = GPIO_AF7_USART1;
 174:Src/stm32l4xx_hal_msp.c ****     HAL_GPIO_Init(GPIOA, &GPIO_InitStruct);
 175:Src/stm32l4xx_hal_msp.c **** 
 176:Src/stm32l4xx_hal_msp.c ****     /* USART1 interrupt Init */
 177:Src/stm32l4xx_hal_msp.c ****     HAL_NVIC_SetPriority(USART1_IRQn, 2, 0);
 178:Src/stm32l4xx_hal_msp.c ****     HAL_NVIC_EnableIRQ(USART1_IRQn);
 179:Src/stm32l4xx_hal_msp.c ****   /* USER CODE BEGIN USART1_MspInit 1 */
 180:Src/stm32l4xx_hal_msp.c **** 
 181:Src/stm32l4xx_hal_msp.c ****   /* USER CODE END USART1_MspInit 1 */
 182:Src/stm32l4xx_hal_msp.c ****   }
 183:Src/stm32l4xx_hal_msp.c ****   else if(huart->Instance==USART2)
 295              		.loc 1 183 8 is_stmt 1 view .LVU64
 296              		.loc 1 183 10 is_stmt 0 view .LVU65
 297 0018 2E4A     		ldr	r2, .L23+4
 298 001a 9342     		cmp	r3, r2
 299 001c 2DD0     		beq	.L22
 300              	.LVL11:
 301              	.L17:
 184:Src/stm32l4xx_hal_msp.c ****   {
 185:Src/stm32l4xx_hal_msp.c ****   /* USER CODE BEGIN USART2_MspInit 0 */
 186:Src/stm32l4xx_hal_msp.c **** 
 187:Src/stm32l4xx_hal_msp.c ****   /* USER CODE END USART2_MspInit 0 */
 188:Src/stm32l4xx_hal_msp.c ****     /* Peripheral clock enable */
 189:Src/stm32l4xx_hal_msp.c ****     __HAL_RCC_USART2_CLK_ENABLE();
 190:Src/stm32l4xx_hal_msp.c **** 
 191:Src/stm32l4xx_hal_msp.c ****     __HAL_RCC_GPIOA_CLK_ENABLE();
 192:Src/stm32l4xx_hal_msp.c ****     /**USART2 GPIO Configuration
ARM GAS  C:\Users\andywei\AppData\Local\Temp\ccHefmJq.s 			page 10


 193:Src/stm32l4xx_hal_msp.c ****     PA2     ------> USART2_TX
 194:Src/stm32l4xx_hal_msp.c ****     PA3     ------> USART2_RX
 195:Src/stm32l4xx_hal_msp.c ****     */
 196:Src/stm32l4xx_hal_msp.c ****     GPIO_InitStruct.Pin = CAT_RX_Pin|CAT_TX_Pin;
 197:Src/stm32l4xx_hal_msp.c ****     GPIO_InitStruct.Mode = GPIO_MODE_AF_PP;
 198:Src/stm32l4xx_hal_msp.c ****     GPIO_InitStruct.Pull = GPIO_NOPULL;
 199:Src/stm32l4xx_hal_msp.c ****     GPIO_InitStruct.Speed = GPIO_SPEED_FREQ_VERY_HIGH;
 200:Src/stm32l4xx_hal_msp.c ****     GPIO_InitStruct.Alternate = GPIO_AF7_USART2;
 201:Src/stm32l4xx_hal_msp.c ****     HAL_GPIO_Init(GPIOA, &GPIO_InitStruct);
 202:Src/stm32l4xx_hal_msp.c **** 
 203:Src/stm32l4xx_hal_msp.c ****     /* USART2 interrupt Init */
 204:Src/stm32l4xx_hal_msp.c ****     HAL_NVIC_SetPriority(USART2_IRQn, 3, 0);
 205:Src/stm32l4xx_hal_msp.c ****     HAL_NVIC_EnableIRQ(USART2_IRQn);
 206:Src/stm32l4xx_hal_msp.c ****   /* USER CODE BEGIN USART2_MspInit 1 */
 207:Src/stm32l4xx_hal_msp.c **** 
 208:Src/stm32l4xx_hal_msp.c ****   /* USER CODE END USART2_MspInit 1 */
 209:Src/stm32l4xx_hal_msp.c ****   }
 210:Src/stm32l4xx_hal_msp.c **** 
 211:Src/stm32l4xx_hal_msp.c **** }
 302              		.loc 1 211 1 view .LVU66
 303 001e 0BB0     		add	sp, sp, #44
 304              	.LCFI9:
 305              		.cfi_remember_state
 306              		.cfi_def_cfa_offset 12
 307              		@ sp needed
 308 0020 30BD     		pop	{r4, r5, pc}
 309              	.LVL12:
 310              	.L21:
 311              	.LCFI10:
 312              		.cfi_restore_state
 162:Src/stm32l4xx_hal_msp.c **** 
 313              		.loc 1 162 5 is_stmt 1 view .LVU67
 314              	.LBB6:
 162:Src/stm32l4xx_hal_msp.c **** 
 315              		.loc 1 162 5 view .LVU68
 162:Src/stm32l4xx_hal_msp.c **** 
 316              		.loc 1 162 5 view .LVU69
 317 0022 2D4B     		ldr	r3, .L23+8
 318 0024 1A6E     		ldr	r2, [r3, #96]
 319 0026 42F48042 		orr	r2, r2, #16384
 320 002a 1A66     		str	r2, [r3, #96]
 162:Src/stm32l4xx_hal_msp.c **** 
 321              		.loc 1 162 5 view .LVU70
 322 002c 1A6E     		ldr	r2, [r3, #96]
 323 002e 02F48042 		and	r2, r2, #16384
 324 0032 0192     		str	r2, [sp, #4]
 162:Src/stm32l4xx_hal_msp.c **** 
 325              		.loc 1 162 5 view .LVU71
 326 0034 019A     		ldr	r2, [sp, #4]
 327              	.LBE6:
 162:Src/stm32l4xx_hal_msp.c **** 
 328              		.loc 1 162 5 view .LVU72
 164:Src/stm32l4xx_hal_msp.c ****     /**USART1 GPIO Configuration
 329              		.loc 1 164 5 view .LVU73
 330              	.LBB7:
 164:Src/stm32l4xx_hal_msp.c ****     /**USART1 GPIO Configuration
 331              		.loc 1 164 5 view .LVU74
ARM GAS  C:\Users\andywei\AppData\Local\Temp\ccHefmJq.s 			page 11


 164:Src/stm32l4xx_hal_msp.c ****     /**USART1 GPIO Configuration
 332              		.loc 1 164 5 view .LVU75
 333 0036 DA6C     		ldr	r2, [r3, #76]
 334 0038 42F00102 		orr	r2, r2, #1
 335 003c DA64     		str	r2, [r3, #76]
 164:Src/stm32l4xx_hal_msp.c ****     /**USART1 GPIO Configuration
 336              		.loc 1 164 5 view .LVU76
 337 003e DB6C     		ldr	r3, [r3, #76]
 338 0040 03F00103 		and	r3, r3, #1
 339 0044 0293     		str	r3, [sp, #8]
 164:Src/stm32l4xx_hal_msp.c ****     /**USART1 GPIO Configuration
 340              		.loc 1 164 5 view .LVU77
 341 0046 029B     		ldr	r3, [sp, #8]
 342              	.LBE7:
 164:Src/stm32l4xx_hal_msp.c ****     /**USART1 GPIO Configuration
 343              		.loc 1 164 5 view .LVU78
 169:Src/stm32l4xx_hal_msp.c ****     GPIO_InitStruct.Mode = GPIO_MODE_AF_PP;
 344              		.loc 1 169 5 view .LVU79
 169:Src/stm32l4xx_hal_msp.c ****     GPIO_InitStruct.Mode = GPIO_MODE_AF_PP;
 345              		.loc 1 169 25 is_stmt 0 view .LVU80
 346 0048 4FF4C063 		mov	r3, #1536
 347 004c 0593     		str	r3, [sp, #20]
 170:Src/stm32l4xx_hal_msp.c ****     GPIO_InitStruct.Pull = GPIO_NOPULL;
 348              		.loc 1 170 5 is_stmt 1 view .LVU81
 170:Src/stm32l4xx_hal_msp.c ****     GPIO_InitStruct.Pull = GPIO_NOPULL;
 349              		.loc 1 170 26 is_stmt 0 view .LVU82
 350 004e 0224     		movs	r4, #2
 351 0050 0694     		str	r4, [sp, #24]
 171:Src/stm32l4xx_hal_msp.c ****     GPIO_InitStruct.Speed = GPIO_SPEED_FREQ_VERY_HIGH;
 352              		.loc 1 171 5 is_stmt 1 view .LVU83
 171:Src/stm32l4xx_hal_msp.c ****     GPIO_InitStruct.Speed = GPIO_SPEED_FREQ_VERY_HIGH;
 353              		.loc 1 171 26 is_stmt 0 view .LVU84
 354 0052 0025     		movs	r5, #0
 355 0054 0795     		str	r5, [sp, #28]
 172:Src/stm32l4xx_hal_msp.c ****     GPIO_InitStruct.Alternate = GPIO_AF7_USART1;
 356              		.loc 1 172 5 is_stmt 1 view .LVU85
 172:Src/stm32l4xx_hal_msp.c ****     GPIO_InitStruct.Alternate = GPIO_AF7_USART1;
 357              		.loc 1 172 27 is_stmt 0 view .LVU86
 358 0056 0323     		movs	r3, #3
 359 0058 0893     		str	r3, [sp, #32]
 173:Src/stm32l4xx_hal_msp.c ****     HAL_GPIO_Init(GPIOA, &GPIO_InitStruct);
 360              		.loc 1 173 5 is_stmt 1 view .LVU87
 173:Src/stm32l4xx_hal_msp.c ****     HAL_GPIO_Init(GPIOA, &GPIO_InitStruct);
 361              		.loc 1 173 31 is_stmt 0 view .LVU88
 362 005a 0723     		movs	r3, #7
 363 005c 0993     		str	r3, [sp, #36]
 174:Src/stm32l4xx_hal_msp.c **** 
 364              		.loc 1 174 5 is_stmt 1 view .LVU89
 365 005e 05A9     		add	r1, sp, #20
 366 0060 4FF09040 		mov	r0, #1207959552
 367              	.LVL13:
 174:Src/stm32l4xx_hal_msp.c **** 
 368              		.loc 1 174 5 is_stmt 0 view .LVU90
 369 0064 FFF7FEFF 		bl	HAL_GPIO_Init
 370              	.LVL14:
 177:Src/stm32l4xx_hal_msp.c ****     HAL_NVIC_EnableIRQ(USART1_IRQn);
 371              		.loc 1 177 5 is_stmt 1 view .LVU91
ARM GAS  C:\Users\andywei\AppData\Local\Temp\ccHefmJq.s 			page 12


 372 0068 2A46     		mov	r2, r5
 373 006a 2146     		mov	r1, r4
 374 006c 2520     		movs	r0, #37
 375 006e FFF7FEFF 		bl	HAL_NVIC_SetPriority
 376              	.LVL15:
 178:Src/stm32l4xx_hal_msp.c ****   /* USER CODE BEGIN USART1_MspInit 1 */
 377              		.loc 1 178 5 view .LVU92
 378 0072 2520     		movs	r0, #37
 379 0074 FFF7FEFF 		bl	HAL_NVIC_EnableIRQ
 380              	.LVL16:
 381 0078 D1E7     		b	.L17
 382              	.LVL17:
 383              	.L22:
 189:Src/stm32l4xx_hal_msp.c **** 
 384              		.loc 1 189 5 view .LVU93
 385              	.LBB8:
 189:Src/stm32l4xx_hal_msp.c **** 
 386              		.loc 1 189 5 view .LVU94
 189:Src/stm32l4xx_hal_msp.c **** 
 387              		.loc 1 189 5 view .LVU95
 388 007a 174B     		ldr	r3, .L23+8
 389 007c 9A6D     		ldr	r2, [r3, #88]
 390 007e 42F40032 		orr	r2, r2, #131072
 391 0082 9A65     		str	r2, [r3, #88]
 189:Src/stm32l4xx_hal_msp.c **** 
 392              		.loc 1 189 5 view .LVU96
 393 0084 9A6D     		ldr	r2, [r3, #88]
 394 0086 02F40032 		and	r2, r2, #131072
 395 008a 0392     		str	r2, [sp, #12]
 189:Src/stm32l4xx_hal_msp.c **** 
 396              		.loc 1 189 5 view .LVU97
 397 008c 039A     		ldr	r2, [sp, #12]
 398              	.LBE8:
 189:Src/stm32l4xx_hal_msp.c **** 
 399              		.loc 1 189 5 view .LVU98
 191:Src/stm32l4xx_hal_msp.c ****     /**USART2 GPIO Configuration
 400              		.loc 1 191 5 view .LVU99
 401              	.LBB9:
 191:Src/stm32l4xx_hal_msp.c ****     /**USART2 GPIO Configuration
 402              		.loc 1 191 5 view .LVU100
 191:Src/stm32l4xx_hal_msp.c ****     /**USART2 GPIO Configuration
 403              		.loc 1 191 5 view .LVU101
 404 008e DA6C     		ldr	r2, [r3, #76]
 405 0090 42F00102 		orr	r2, r2, #1
 406 0094 DA64     		str	r2, [r3, #76]
 191:Src/stm32l4xx_hal_msp.c ****     /**USART2 GPIO Configuration
 407              		.loc 1 191 5 view .LVU102
 408 0096 DB6C     		ldr	r3, [r3, #76]
 409 0098 03F00103 		and	r3, r3, #1
 410 009c 0493     		str	r3, [sp, #16]
 191:Src/stm32l4xx_hal_msp.c ****     /**USART2 GPIO Configuration
 411              		.loc 1 191 5 view .LVU103
 412 009e 049B     		ldr	r3, [sp, #16]
 413              	.LBE9:
 191:Src/stm32l4xx_hal_msp.c ****     /**USART2 GPIO Configuration
 414              		.loc 1 191 5 view .LVU104
 196:Src/stm32l4xx_hal_msp.c ****     GPIO_InitStruct.Mode = GPIO_MODE_AF_PP;
ARM GAS  C:\Users\andywei\AppData\Local\Temp\ccHefmJq.s 			page 13


 415              		.loc 1 196 5 view .LVU105
 196:Src/stm32l4xx_hal_msp.c ****     GPIO_InitStruct.Mode = GPIO_MODE_AF_PP;
 416              		.loc 1 196 25 is_stmt 0 view .LVU106
 417 00a0 0C23     		movs	r3, #12
 418 00a2 0593     		str	r3, [sp, #20]
 197:Src/stm32l4xx_hal_msp.c ****     GPIO_InitStruct.Pull = GPIO_NOPULL;
 419              		.loc 1 197 5 is_stmt 1 view .LVU107
 197:Src/stm32l4xx_hal_msp.c ****     GPIO_InitStruct.Pull = GPIO_NOPULL;
 420              		.loc 1 197 26 is_stmt 0 view .LVU108
 421 00a4 0223     		movs	r3, #2
 422 00a6 0693     		str	r3, [sp, #24]
 198:Src/stm32l4xx_hal_msp.c ****     GPIO_InitStruct.Speed = GPIO_SPEED_FREQ_VERY_HIGH;
 423              		.loc 1 198 5 is_stmt 1 view .LVU109
 198:Src/stm32l4xx_hal_msp.c ****     GPIO_InitStruct.Speed = GPIO_SPEED_FREQ_VERY_HIGH;
 424              		.loc 1 198 26 is_stmt 0 view .LVU110
 425 00a8 0025     		movs	r5, #0
 426 00aa 0795     		str	r5, [sp, #28]
 199:Src/stm32l4xx_hal_msp.c ****     GPIO_InitStruct.Alternate = GPIO_AF7_USART2;
 427              		.loc 1 199 5 is_stmt 1 view .LVU111
 199:Src/stm32l4xx_hal_msp.c ****     GPIO_InitStruct.Alternate = GPIO_AF7_USART2;
 428              		.loc 1 199 27 is_stmt 0 view .LVU112
 429 00ac 0324     		movs	r4, #3
 430 00ae 0894     		str	r4, [sp, #32]
 200:Src/stm32l4xx_hal_msp.c ****     HAL_GPIO_Init(GPIOA, &GPIO_InitStruct);
 431              		.loc 1 200 5 is_stmt 1 view .LVU113
 200:Src/stm32l4xx_hal_msp.c ****     HAL_GPIO_Init(GPIOA, &GPIO_InitStruct);
 432              		.loc 1 200 31 is_stmt 0 view .LVU114
 433 00b0 0723     		movs	r3, #7
 434 00b2 0993     		str	r3, [sp, #36]
 201:Src/stm32l4xx_hal_msp.c **** 
 435              		.loc 1 201 5 is_stmt 1 view .LVU115
 436 00b4 05A9     		add	r1, sp, #20
 437 00b6 4FF09040 		mov	r0, #1207959552
 438              	.LVL18:
 201:Src/stm32l4xx_hal_msp.c **** 
 439              		.loc 1 201 5 is_stmt 0 view .LVU116
 440 00ba FFF7FEFF 		bl	HAL_GPIO_Init
 441              	.LVL19:
 204:Src/stm32l4xx_hal_msp.c ****     HAL_NVIC_EnableIRQ(USART2_IRQn);
 442              		.loc 1 204 5 is_stmt 1 view .LVU117
 443 00be 2A46     		mov	r2, r5
 444 00c0 2146     		mov	r1, r4
 445 00c2 2620     		movs	r0, #38
 446 00c4 FFF7FEFF 		bl	HAL_NVIC_SetPriority
 447              	.LVL20:
 205:Src/stm32l4xx_hal_msp.c ****   /* USER CODE BEGIN USART2_MspInit 1 */
 448              		.loc 1 205 5 view .LVU118
 449 00c8 2620     		movs	r0, #38
 450 00ca FFF7FEFF 		bl	HAL_NVIC_EnableIRQ
 451              	.LVL21:
 452              		.loc 1 211 1 is_stmt 0 view .LVU119
 453 00ce A6E7     		b	.L17
 454              	.L24:
 455              		.align	2
 456              	.L23:
 457 00d0 00380140 		.word	1073821696
 458 00d4 00440040 		.word	1073759232
ARM GAS  C:\Users\andywei\AppData\Local\Temp\ccHefmJq.s 			page 14


 459 00d8 00100240 		.word	1073876992
 460              		.cfi_endproc
 461              	.LFE135:
 463              		.section	.text.HAL_UART_MspDeInit,"ax",%progbits
 464              		.align	1
 465              		.global	HAL_UART_MspDeInit
 466              		.syntax unified
 467              		.thumb
 468              		.thumb_func
 469              		.fpu fpv4-sp-d16
 471              	HAL_UART_MspDeInit:
 472              	.LVL22:
 473              	.LFB136:
 212:Src/stm32l4xx_hal_msp.c **** 
 213:Src/stm32l4xx_hal_msp.c **** /**
 214:Src/stm32l4xx_hal_msp.c **** * @brief UART MSP De-Initialization
 215:Src/stm32l4xx_hal_msp.c **** * This function freeze the hardware resources used in this example
 216:Src/stm32l4xx_hal_msp.c **** * @param huart: UART handle pointer
 217:Src/stm32l4xx_hal_msp.c **** * @retval None
 218:Src/stm32l4xx_hal_msp.c **** */
 219:Src/stm32l4xx_hal_msp.c **** void HAL_UART_MspDeInit(UART_HandleTypeDef* huart)
 220:Src/stm32l4xx_hal_msp.c **** {
 474              		.loc 1 220 1 is_stmt 1 view -0
 475              		.cfi_startproc
 476              		@ args = 0, pretend = 0, frame = 0
 477              		@ frame_needed = 0, uses_anonymous_args = 0
 478              		.loc 1 220 1 is_stmt 0 view .LVU121
 479 0000 08B5     		push	{r3, lr}
 480              	.LCFI11:
 481              		.cfi_def_cfa_offset 8
 482              		.cfi_offset 3, -8
 483              		.cfi_offset 14, -4
 221:Src/stm32l4xx_hal_msp.c ****   if(huart->Instance==USART1)
 484              		.loc 1 221 3 is_stmt 1 view .LVU122
 485              		.loc 1 221 11 is_stmt 0 view .LVU123
 486 0002 0368     		ldr	r3, [r0]
 487              		.loc 1 221 5 view .LVU124
 488 0004 124A     		ldr	r2, .L31
 489 0006 9342     		cmp	r3, r2
 490 0008 03D0     		beq	.L29
 222:Src/stm32l4xx_hal_msp.c ****   {
 223:Src/stm32l4xx_hal_msp.c ****   /* USER CODE BEGIN USART1_MspDeInit 0 */
 224:Src/stm32l4xx_hal_msp.c **** 
 225:Src/stm32l4xx_hal_msp.c ****   /* USER CODE END USART1_MspDeInit 0 */
 226:Src/stm32l4xx_hal_msp.c ****     /* Peripheral clock disable */
 227:Src/stm32l4xx_hal_msp.c ****     __HAL_RCC_USART1_CLK_DISABLE();
 228:Src/stm32l4xx_hal_msp.c **** 
 229:Src/stm32l4xx_hal_msp.c ****     /**USART1 GPIO Configuration
 230:Src/stm32l4xx_hal_msp.c ****     PA9     ------> USART1_TX
 231:Src/stm32l4xx_hal_msp.c ****     PA10     ------> USART1_RX
 232:Src/stm32l4xx_hal_msp.c ****     */
 233:Src/stm32l4xx_hal_msp.c ****     HAL_GPIO_DeInit(GPIOA, DUT_TX_Pin|DUT_RX_Pin);
 234:Src/stm32l4xx_hal_msp.c **** 
 235:Src/stm32l4xx_hal_msp.c ****     /* USART1 interrupt DeInit */
 236:Src/stm32l4xx_hal_msp.c ****     HAL_NVIC_DisableIRQ(USART1_IRQn);
 237:Src/stm32l4xx_hal_msp.c ****   /* USER CODE BEGIN USART1_MspDeInit 1 */
 238:Src/stm32l4xx_hal_msp.c **** 
ARM GAS  C:\Users\andywei\AppData\Local\Temp\ccHefmJq.s 			page 15


 239:Src/stm32l4xx_hal_msp.c ****   /* USER CODE END USART1_MspDeInit 1 */
 240:Src/stm32l4xx_hal_msp.c ****   }
 241:Src/stm32l4xx_hal_msp.c ****   else if(huart->Instance==USART2)
 491              		.loc 1 241 8 is_stmt 1 view .LVU125
 492              		.loc 1 241 10 is_stmt 0 view .LVU126
 493 000a 124A     		ldr	r2, .L31+4
 494 000c 9342     		cmp	r3, r2
 495 000e 10D0     		beq	.L30
 496              	.LVL23:
 497              	.L25:
 242:Src/stm32l4xx_hal_msp.c ****   {
 243:Src/stm32l4xx_hal_msp.c ****   /* USER CODE BEGIN USART2_MspDeInit 0 */
 244:Src/stm32l4xx_hal_msp.c **** 
 245:Src/stm32l4xx_hal_msp.c ****   /* USER CODE END USART2_MspDeInit 0 */
 246:Src/stm32l4xx_hal_msp.c ****     /* Peripheral clock disable */
 247:Src/stm32l4xx_hal_msp.c ****     __HAL_RCC_USART2_CLK_DISABLE();
 248:Src/stm32l4xx_hal_msp.c **** 
 249:Src/stm32l4xx_hal_msp.c ****     /**USART2 GPIO Configuration
 250:Src/stm32l4xx_hal_msp.c ****     PA2     ------> USART2_TX
 251:Src/stm32l4xx_hal_msp.c ****     PA3     ------> USART2_RX
 252:Src/stm32l4xx_hal_msp.c ****     */
 253:Src/stm32l4xx_hal_msp.c ****     HAL_GPIO_DeInit(GPIOA, CAT_RX_Pin|CAT_TX_Pin);
 254:Src/stm32l4xx_hal_msp.c **** 
 255:Src/stm32l4xx_hal_msp.c ****     /* USART2 interrupt DeInit */
 256:Src/stm32l4xx_hal_msp.c ****     HAL_NVIC_DisableIRQ(USART2_IRQn);
 257:Src/stm32l4xx_hal_msp.c ****   /* USER CODE BEGIN USART2_MspDeInit 1 */
 258:Src/stm32l4xx_hal_msp.c **** 
 259:Src/stm32l4xx_hal_msp.c ****   /* USER CODE END USART2_MspDeInit 1 */
 260:Src/stm32l4xx_hal_msp.c ****   }
 261:Src/stm32l4xx_hal_msp.c **** 
 262:Src/stm32l4xx_hal_msp.c **** }
 498              		.loc 1 262 1 view .LVU127
 499 0010 08BD     		pop	{r3, pc}
 500              	.LVL24:
 501              	.L29:
 227:Src/stm32l4xx_hal_msp.c **** 
 502              		.loc 1 227 5 is_stmt 1 view .LVU128
 503 0012 02F55842 		add	r2, r2, #55296
 504 0016 136E     		ldr	r3, [r2, #96]
 505 0018 23F48043 		bic	r3, r3, #16384
 506 001c 1366     		str	r3, [r2, #96]
 233:Src/stm32l4xx_hal_msp.c **** 
 507              		.loc 1 233 5 view .LVU129
 508 001e 4FF4C061 		mov	r1, #1536
 509 0022 4FF09040 		mov	r0, #1207959552
 510              	.LVL25:
 233:Src/stm32l4xx_hal_msp.c **** 
 511              		.loc 1 233 5 is_stmt 0 view .LVU130
 512 0026 FFF7FEFF 		bl	HAL_GPIO_DeInit
 513              	.LVL26:
 236:Src/stm32l4xx_hal_msp.c ****   /* USER CODE BEGIN USART1_MspDeInit 1 */
 514              		.loc 1 236 5 is_stmt 1 view .LVU131
 515 002a 2520     		movs	r0, #37
 516 002c FFF7FEFF 		bl	HAL_NVIC_DisableIRQ
 517              	.LVL27:
 518 0030 EEE7     		b	.L25
 519              	.LVL28:
ARM GAS  C:\Users\andywei\AppData\Local\Temp\ccHefmJq.s 			page 16


 520              	.L30:
 247:Src/stm32l4xx_hal_msp.c **** 
 521              		.loc 1 247 5 view .LVU132
 522 0032 02F5E632 		add	r2, r2, #117760
 523 0036 936D     		ldr	r3, [r2, #88]
 524 0038 23F40033 		bic	r3, r3, #131072
 525 003c 9365     		str	r3, [r2, #88]
 253:Src/stm32l4xx_hal_msp.c **** 
 526              		.loc 1 253 5 view .LVU133
 527 003e 0C21     		movs	r1, #12
 528 0040 4FF09040 		mov	r0, #1207959552
 529              	.LVL29:
 253:Src/stm32l4xx_hal_msp.c **** 
 530              		.loc 1 253 5 is_stmt 0 view .LVU134
 531 0044 FFF7FEFF 		bl	HAL_GPIO_DeInit
 532              	.LVL30:
 256:Src/stm32l4xx_hal_msp.c ****   /* USER CODE BEGIN USART2_MspDeInit 1 */
 533              		.loc 1 256 5 is_stmt 1 view .LVU135
 534 0048 2620     		movs	r0, #38
 535 004a FFF7FEFF 		bl	HAL_NVIC_DisableIRQ
 536              	.LVL31:
 537              		.loc 1 262 1 is_stmt 0 view .LVU136
 538 004e DFE7     		b	.L25
 539              	.L32:
 540              		.align	2
 541              	.L31:
 542 0050 00380140 		.word	1073821696
 543 0054 00440040 		.word	1073759232
 544              		.cfi_endproc
 545              	.LFE136:
 547              		.text
 548              	.Letext0:
 549              		.file 2 "c:\\gnu arm embedded toolchain\\9 2020-q2-update\\arm-none-eabi\\include\\machine\\_defau
 550              		.file 3 "c:\\gnu arm embedded toolchain\\9 2020-q2-update\\arm-none-eabi\\include\\sys\\_stdint.h"
 551              		.file 4 "Drivers/CMSIS/Include/core_cm4.h"
 552              		.file 5 "Drivers/CMSIS/Device/ST/STM32L4xx/Include/system_stm32l4xx.h"
 553              		.file 6 "Drivers/CMSIS/Device/ST/STM32L4xx/Include/stm32l476xx.h"
 554              		.file 7 "Drivers/STM32L4xx_HAL_Driver/Inc/stm32l4xx_hal_def.h"
 555              		.file 8 "Drivers/STM32L4xx_HAL_Driver/Inc/stm32l4xx_hal_gpio.h"
 556              		.file 9 "Drivers/STM32L4xx_HAL_Driver/Inc/stm32l4xx_hal_dma.h"
 557              		.file 10 "Drivers/STM32L4xx_HAL_Driver/Inc/stm32l4xx_hal_flash.h"
 558              		.file 11 "Drivers/STM32L4xx_HAL_Driver/Inc/stm32l4xx_hal_spi.h"
 559              		.file 12 "Drivers/STM32L4xx_HAL_Driver/Inc/stm32l4xx_hal_uart.h"
 560              		.file 13 "Drivers/STM32L4xx_HAL_Driver/Inc/stm32l4xx_hal.h"
 561              		.file 14 "c:\\gnu arm embedded toolchain\\9 2020-q2-update\\lib\\gcc\\arm-none-eabi\\9.3.1\\includ
 562              		.file 15 "c:\\gnu arm embedded toolchain\\9 2020-q2-update\\arm-none-eabi\\include\\sys\\_types.h"
 563              		.file 16 "c:\\gnu arm embedded toolchain\\9 2020-q2-update\\arm-none-eabi\\include\\sys\\reent.h"
 564              		.file 17 "c:\\gnu arm embedded toolchain\\9 2020-q2-update\\arm-none-eabi\\include\\sys\\lock.h"
 565              		.file 18 "Drivers/STM32L4xx_HAL_Driver/Inc/stm32l4xx_hal_cortex.h"
ARM GAS  C:\Users\andywei\AppData\Local\Temp\ccHefmJq.s 			page 17


DEFINED SYMBOLS
                            *ABS*:00000000 stm32l4xx_hal_msp.c
C:\Users\andywei\AppData\Local\Temp\ccHefmJq.s:18     .text.HAL_MspInit:00000000 $t
C:\Users\andywei\AppData\Local\Temp\ccHefmJq.s:26     .text.HAL_MspInit:00000000 HAL_MspInit
C:\Users\andywei\AppData\Local\Temp\ccHefmJq.s:77     .text.HAL_MspInit:0000002c $d
C:\Users\andywei\AppData\Local\Temp\ccHefmJq.s:82     .text.HAL_SPI_MspInit:00000000 $t
C:\Users\andywei\AppData\Local\Temp\ccHefmJq.s:89     .text.HAL_SPI_MspInit:00000000 HAL_SPI_MspInit
C:\Users\andywei\AppData\Local\Temp\ccHefmJq.s:195    .text.HAL_SPI_MspInit:00000068 $d
C:\Users\andywei\AppData\Local\Temp\ccHefmJq.s:200    .text.HAL_SPI_MspDeInit:00000000 $t
C:\Users\andywei\AppData\Local\Temp\ccHefmJq.s:207    .text.HAL_SPI_MspDeInit:00000000 HAL_SPI_MspDeInit
C:\Users\andywei\AppData\Local\Temp\ccHefmJq.s:250    .text.HAL_SPI_MspDeInit:00000024 $d
C:\Users\andywei\AppData\Local\Temp\ccHefmJq.s:256    .text.HAL_UART_MspInit:00000000 $t
C:\Users\andywei\AppData\Local\Temp\ccHefmJq.s:263    .text.HAL_UART_MspInit:00000000 HAL_UART_MspInit
C:\Users\andywei\AppData\Local\Temp\ccHefmJq.s:457    .text.HAL_UART_MspInit:000000d0 $d
C:\Users\andywei\AppData\Local\Temp\ccHefmJq.s:464    .text.HAL_UART_MspDeInit:00000000 $t
C:\Users\andywei\AppData\Local\Temp\ccHefmJq.s:471    .text.HAL_UART_MspDeInit:00000000 HAL_UART_MspDeInit
C:\Users\andywei\AppData\Local\Temp\ccHefmJq.s:542    .text.HAL_UART_MspDeInit:00000050 $d

UNDEFINED SYMBOLS
HAL_GPIO_Init
HAL_GPIO_DeInit
HAL_NVIC_SetPriority
HAL_NVIC_EnableIRQ
HAL_NVIC_DisableIRQ
