ARM GAS  C:\Users\andywei\AppData\Local\Temp\ccSCylKh.s 			page 1


   1              		.cpu cortex-m4
   2              		.eabi_attribute 27, 1
   3              		.eabi_attribute 28, 1
   4              		.eabi_attribute 20, 1
   5              		.eabi_attribute 21, 1
   6              		.eabi_attribute 23, 3
   7              		.eabi_attribute 24, 1
   8              		.eabi_attribute 25, 1
   9              		.eabi_attribute 26, 1
  10              		.eabi_attribute 30, 1
  11              		.eabi_attribute 34, 1
  12              		.eabi_attribute 18, 4
  13              		.file	"stm32l4xx_it.c"
  14              		.text
  15              	.Ltext0:
  16              		.cfi_sections	.debug_frame
  17              		.section	.text.NMI_Handler,"ax",%progbits
  18              		.align	1
  19              		.global	NMI_Handler
  20              		.arch armv7e-m
  21              		.syntax unified
  22              		.thumb
  23              		.thumb_func
  24              		.fpu fpv4-sp-d16
  26              	NMI_Handler:
  27              	.LFB132:
  28              		.file 1 "Src/stm32l4xx_it.c"
   1:Src/stm32l4xx_it.c **** /* USER CODE BEGIN Header */
   2:Src/stm32l4xx_it.c **** /**
   3:Src/stm32l4xx_it.c ****   ******************************************************************************
   4:Src/stm32l4xx_it.c ****   * @file    stm32l4xx_it.c
   5:Src/stm32l4xx_it.c ****   * @brief   Interrupt Service Routines.
   6:Src/stm32l4xx_it.c ****   ******************************************************************************
   7:Src/stm32l4xx_it.c ****   * @attention
   8:Src/stm32l4xx_it.c ****   *
   9:Src/stm32l4xx_it.c ****   * <h2><center>&copy; Copyright (c) 2020 STMicroelectronics.
  10:Src/stm32l4xx_it.c ****   * All rights reserved.</center></h2>
  11:Src/stm32l4xx_it.c ****   *
  12:Src/stm32l4xx_it.c ****   * This software component is licensed by ST under BSD 3-Clause license,
  13:Src/stm32l4xx_it.c ****   * the "License"; You may not use this file except in compliance with the
  14:Src/stm32l4xx_it.c ****   * License. You may obtain a copy of the License at:
  15:Src/stm32l4xx_it.c ****   *                        opensource.org/licenses/BSD-3-Clause
  16:Src/stm32l4xx_it.c ****   *
  17:Src/stm32l4xx_it.c ****   ******************************************************************************
  18:Src/stm32l4xx_it.c ****   */
  19:Src/stm32l4xx_it.c **** /* USER CODE END Header */
  20:Src/stm32l4xx_it.c **** 
  21:Src/stm32l4xx_it.c **** /* Includes ------------------------------------------------------------------*/
  22:Src/stm32l4xx_it.c **** #include "main.h"
  23:Src/stm32l4xx_it.c **** #include "stm32l4xx_it.h"
  24:Src/stm32l4xx_it.c **** /* Private includes ----------------------------------------------------------*/
  25:Src/stm32l4xx_it.c **** /* USER CODE BEGIN Includes */
  26:Src/stm32l4xx_it.c **** /* USER CODE END Includes */
  27:Src/stm32l4xx_it.c **** 
  28:Src/stm32l4xx_it.c **** /* Private typedef -----------------------------------------------------------*/
  29:Src/stm32l4xx_it.c **** /* USER CODE BEGIN TD */
  30:Src/stm32l4xx_it.c **** 
ARM GAS  C:\Users\andywei\AppData\Local\Temp\ccSCylKh.s 			page 2


  31:Src/stm32l4xx_it.c **** /* USER CODE END TD */
  32:Src/stm32l4xx_it.c **** 
  33:Src/stm32l4xx_it.c **** /* Private define ------------------------------------------------------------*/
  34:Src/stm32l4xx_it.c **** /* USER CODE BEGIN PD */
  35:Src/stm32l4xx_it.c ****  
  36:Src/stm32l4xx_it.c **** /* USER CODE END PD */
  37:Src/stm32l4xx_it.c **** 
  38:Src/stm32l4xx_it.c **** /* Private macro -------------------------------------------------------------*/
  39:Src/stm32l4xx_it.c **** /* USER CODE BEGIN PM */
  40:Src/stm32l4xx_it.c **** 
  41:Src/stm32l4xx_it.c **** /* USER CODE END PM */
  42:Src/stm32l4xx_it.c **** 
  43:Src/stm32l4xx_it.c **** /* Private variables ---------------------------------------------------------*/
  44:Src/stm32l4xx_it.c **** /* USER CODE BEGIN PV */
  45:Src/stm32l4xx_it.c **** 
  46:Src/stm32l4xx_it.c **** /* USER CODE END PV */
  47:Src/stm32l4xx_it.c **** 
  48:Src/stm32l4xx_it.c **** /* Private function prototypes -----------------------------------------------*/
  49:Src/stm32l4xx_it.c **** /* USER CODE BEGIN PFP */
  50:Src/stm32l4xx_it.c **** 
  51:Src/stm32l4xx_it.c **** /* USER CODE END PFP */
  52:Src/stm32l4xx_it.c **** 
  53:Src/stm32l4xx_it.c **** /* Private user code ---------------------------------------------------------*/
  54:Src/stm32l4xx_it.c **** /* USER CODE BEGIN 0 */
  55:Src/stm32l4xx_it.c **** 
  56:Src/stm32l4xx_it.c **** /* USER CODE END 0 */
  57:Src/stm32l4xx_it.c **** 
  58:Src/stm32l4xx_it.c **** /* External variables --------------------------------------------------------*/
  59:Src/stm32l4xx_it.c **** extern UART_HandleTypeDef huart1;
  60:Src/stm32l4xx_it.c **** extern UART_HandleTypeDef huart2;
  61:Src/stm32l4xx_it.c **** /* USER CODE BEGIN EV */
  62:Src/stm32l4xx_it.c **** 
  63:Src/stm32l4xx_it.c **** /* USER CODE END EV */
  64:Src/stm32l4xx_it.c **** 
  65:Src/stm32l4xx_it.c **** /******************************************************************************/
  66:Src/stm32l4xx_it.c **** /*           Cortex-M4 Processor Interruption and Exception Handlers          */
  67:Src/stm32l4xx_it.c **** /******************************************************************************/
  68:Src/stm32l4xx_it.c **** /**
  69:Src/stm32l4xx_it.c ****   * @brief This function handles Non maskable interrupt.
  70:Src/stm32l4xx_it.c ****   */
  71:Src/stm32l4xx_it.c **** void NMI_Handler(void)
  72:Src/stm32l4xx_it.c **** {
  29              		.loc 1 72 1 view -0
  30              		.cfi_startproc
  31              		@ args = 0, pretend = 0, frame = 0
  32              		@ frame_needed = 0, uses_anonymous_args = 0
  33              		@ link register save eliminated.
  73:Src/stm32l4xx_it.c ****   /* USER CODE BEGIN NonMaskableInt_IRQn 0 */
  74:Src/stm32l4xx_it.c **** 
  75:Src/stm32l4xx_it.c ****   /* USER CODE END NonMaskableInt_IRQn 0 */
  76:Src/stm32l4xx_it.c ****   /* USER CODE BEGIN NonMaskableInt_IRQn 1 */
  77:Src/stm32l4xx_it.c **** 
  78:Src/stm32l4xx_it.c ****   /* USER CODE END NonMaskableInt_IRQn 1 */
  79:Src/stm32l4xx_it.c **** }
  34              		.loc 1 79 1 view .LVU1
  35 0000 7047     		bx	lr
  36              		.cfi_endproc
ARM GAS  C:\Users\andywei\AppData\Local\Temp\ccSCylKh.s 			page 3


  37              	.LFE132:
  39              		.section	.text.HardFault_Handler,"ax",%progbits
  40              		.align	1
  41              		.global	HardFault_Handler
  42              		.syntax unified
  43              		.thumb
  44              		.thumb_func
  45              		.fpu fpv4-sp-d16
  47              	HardFault_Handler:
  48              	.LFB133:
  80:Src/stm32l4xx_it.c **** 
  81:Src/stm32l4xx_it.c **** /**
  82:Src/stm32l4xx_it.c ****   * @brief This function handles Hard fault interrupt.
  83:Src/stm32l4xx_it.c ****   */
  84:Src/stm32l4xx_it.c **** void HardFault_Handler(void)
  85:Src/stm32l4xx_it.c **** {
  49              		.loc 1 85 1 view -0
  50              		.cfi_startproc
  51              		@ Volatile: function does not return.
  52              		@ args = 0, pretend = 0, frame = 0
  53              		@ frame_needed = 0, uses_anonymous_args = 0
  54              		@ link register save eliminated.
  55              	.L3:
  86:Src/stm32l4xx_it.c ****   /* USER CODE BEGIN HardFault_IRQn 0 */
  87:Src/stm32l4xx_it.c **** 
  88:Src/stm32l4xx_it.c ****   /* USER CODE END HardFault_IRQn 0 */
  89:Src/stm32l4xx_it.c ****   while (1)
  56              		.loc 1 89 3 discriminator 1 view .LVU3
  90:Src/stm32l4xx_it.c ****   {
  91:Src/stm32l4xx_it.c ****     /* USER CODE BEGIN W1_HardFault_IRQn 0 */
  92:Src/stm32l4xx_it.c ****     /* USER CODE END W1_HardFault_IRQn 0 */
  93:Src/stm32l4xx_it.c ****   }
  57              		.loc 1 93 3 discriminator 1 view .LVU4
  89:Src/stm32l4xx_it.c ****   {
  58              		.loc 1 89 9 discriminator 1 view .LVU5
  59 0000 FEE7     		b	.L3
  60              		.cfi_endproc
  61              	.LFE133:
  63              		.section	.text.MemManage_Handler,"ax",%progbits
  64              		.align	1
  65              		.global	MemManage_Handler
  66              		.syntax unified
  67              		.thumb
  68              		.thumb_func
  69              		.fpu fpv4-sp-d16
  71              	MemManage_Handler:
  72              	.LFB134:
  94:Src/stm32l4xx_it.c **** }
  95:Src/stm32l4xx_it.c **** 
  96:Src/stm32l4xx_it.c **** /**
  97:Src/stm32l4xx_it.c ****   * @brief This function handles Memory management fault.
  98:Src/stm32l4xx_it.c ****   */
  99:Src/stm32l4xx_it.c **** void MemManage_Handler(void)
 100:Src/stm32l4xx_it.c **** {
  73              		.loc 1 100 1 view -0
  74              		.cfi_startproc
  75              		@ Volatile: function does not return.
ARM GAS  C:\Users\andywei\AppData\Local\Temp\ccSCylKh.s 			page 4


  76              		@ args = 0, pretend = 0, frame = 0
  77              		@ frame_needed = 0, uses_anonymous_args = 0
  78              		@ link register save eliminated.
  79              	.L5:
 101:Src/stm32l4xx_it.c ****   /* USER CODE BEGIN MemoryManagement_IRQn 0 */
 102:Src/stm32l4xx_it.c **** 
 103:Src/stm32l4xx_it.c ****   /* USER CODE END MemoryManagement_IRQn 0 */
 104:Src/stm32l4xx_it.c ****   while (1)
  80              		.loc 1 104 3 discriminator 1 view .LVU7
 105:Src/stm32l4xx_it.c ****   {
 106:Src/stm32l4xx_it.c ****     /* USER CODE BEGIN W1_MemoryManagement_IRQn 0 */
 107:Src/stm32l4xx_it.c ****     /* USER CODE END W1_MemoryManagement_IRQn 0 */
 108:Src/stm32l4xx_it.c ****   }
  81              		.loc 1 108 3 discriminator 1 view .LVU8
 104:Src/stm32l4xx_it.c ****   {
  82              		.loc 1 104 9 discriminator 1 view .LVU9
  83 0000 FEE7     		b	.L5
  84              		.cfi_endproc
  85              	.LFE134:
  87              		.section	.text.BusFault_Handler,"ax",%progbits
  88              		.align	1
  89              		.global	BusFault_Handler
  90              		.syntax unified
  91              		.thumb
  92              		.thumb_func
  93              		.fpu fpv4-sp-d16
  95              	BusFault_Handler:
  96              	.LFB135:
 109:Src/stm32l4xx_it.c **** }
 110:Src/stm32l4xx_it.c **** 
 111:Src/stm32l4xx_it.c **** /**
 112:Src/stm32l4xx_it.c ****   * @brief This function handles Prefetch fault, memory access fault.
 113:Src/stm32l4xx_it.c ****   */
 114:Src/stm32l4xx_it.c **** void BusFault_Handler(void)
 115:Src/stm32l4xx_it.c **** {
  97              		.loc 1 115 1 view -0
  98              		.cfi_startproc
  99              		@ Volatile: function does not return.
 100              		@ args = 0, pretend = 0, frame = 0
 101              		@ frame_needed = 0, uses_anonymous_args = 0
 102              		@ link register save eliminated.
 103              	.L7:
 116:Src/stm32l4xx_it.c ****   /* USER CODE BEGIN BusFault_IRQn 0 */
 117:Src/stm32l4xx_it.c **** 
 118:Src/stm32l4xx_it.c ****   /* USER CODE END BusFault_IRQn 0 */
 119:Src/stm32l4xx_it.c ****   while (1)
 104              		.loc 1 119 3 discriminator 1 view .LVU11
 120:Src/stm32l4xx_it.c ****   {
 121:Src/stm32l4xx_it.c ****     /* USER CODE BEGIN W1_BusFault_IRQn 0 */
 122:Src/stm32l4xx_it.c ****     /* USER CODE END W1_BusFault_IRQn 0 */
 123:Src/stm32l4xx_it.c ****   }
 105              		.loc 1 123 3 discriminator 1 view .LVU12
 119:Src/stm32l4xx_it.c ****   {
 106              		.loc 1 119 9 discriminator 1 view .LVU13
 107 0000 FEE7     		b	.L7
 108              		.cfi_endproc
 109              	.LFE135:
ARM GAS  C:\Users\andywei\AppData\Local\Temp\ccSCylKh.s 			page 5


 111              		.section	.text.UsageFault_Handler,"ax",%progbits
 112              		.align	1
 113              		.global	UsageFault_Handler
 114              		.syntax unified
 115              		.thumb
 116              		.thumb_func
 117              		.fpu fpv4-sp-d16
 119              	UsageFault_Handler:
 120              	.LFB136:
 124:Src/stm32l4xx_it.c **** }
 125:Src/stm32l4xx_it.c **** 
 126:Src/stm32l4xx_it.c **** /**
 127:Src/stm32l4xx_it.c ****   * @brief This function handles Undefined instruction or illegal state.
 128:Src/stm32l4xx_it.c ****   */
 129:Src/stm32l4xx_it.c **** void UsageFault_Handler(void)
 130:Src/stm32l4xx_it.c **** {
 121              		.loc 1 130 1 view -0
 122              		.cfi_startproc
 123              		@ Volatile: function does not return.
 124              		@ args = 0, pretend = 0, frame = 0
 125              		@ frame_needed = 0, uses_anonymous_args = 0
 126              		@ link register save eliminated.
 127              	.L9:
 131:Src/stm32l4xx_it.c ****   /* USER CODE BEGIN UsageFault_IRQn 0 */
 132:Src/stm32l4xx_it.c **** 
 133:Src/stm32l4xx_it.c ****   /* USER CODE END UsageFault_IRQn 0 */
 134:Src/stm32l4xx_it.c ****   while (1)
 128              		.loc 1 134 3 discriminator 1 view .LVU15
 135:Src/stm32l4xx_it.c ****   {
 136:Src/stm32l4xx_it.c ****     /* USER CODE BEGIN W1_UsageFault_IRQn 0 */
 137:Src/stm32l4xx_it.c ****     /* USER CODE END W1_UsageFault_IRQn 0 */
 138:Src/stm32l4xx_it.c ****   }
 129              		.loc 1 138 3 discriminator 1 view .LVU16
 134:Src/stm32l4xx_it.c ****   {
 130              		.loc 1 134 9 discriminator 1 view .LVU17
 131 0000 FEE7     		b	.L9
 132              		.cfi_endproc
 133              	.LFE136:
 135              		.section	.text.SVC_Handler,"ax",%progbits
 136              		.align	1
 137              		.global	SVC_Handler
 138              		.syntax unified
 139              		.thumb
 140              		.thumb_func
 141              		.fpu fpv4-sp-d16
 143              	SVC_Handler:
 144              	.LFB137:
 139:Src/stm32l4xx_it.c **** }
 140:Src/stm32l4xx_it.c **** 
 141:Src/stm32l4xx_it.c **** /**
 142:Src/stm32l4xx_it.c ****   * @brief This function handles System service call via SWI instruction.
 143:Src/stm32l4xx_it.c ****   */
 144:Src/stm32l4xx_it.c **** void SVC_Handler(void)
 145:Src/stm32l4xx_it.c **** {
 145              		.loc 1 145 1 view -0
 146              		.cfi_startproc
 147              		@ args = 0, pretend = 0, frame = 0
ARM GAS  C:\Users\andywei\AppData\Local\Temp\ccSCylKh.s 			page 6


 148              		@ frame_needed = 0, uses_anonymous_args = 0
 149              		@ link register save eliminated.
 146:Src/stm32l4xx_it.c ****   /* USER CODE BEGIN SVCall_IRQn 0 */
 147:Src/stm32l4xx_it.c **** 
 148:Src/stm32l4xx_it.c ****   /* USER CODE END SVCall_IRQn 0 */
 149:Src/stm32l4xx_it.c ****   /* USER CODE BEGIN SVCall_IRQn 1 */
 150:Src/stm32l4xx_it.c **** 
 151:Src/stm32l4xx_it.c ****   /* USER CODE END SVCall_IRQn 1 */
 152:Src/stm32l4xx_it.c **** }
 150              		.loc 1 152 1 view .LVU19
 151 0000 7047     		bx	lr
 152              		.cfi_endproc
 153              	.LFE137:
 155              		.section	.text.DebugMon_Handler,"ax",%progbits
 156              		.align	1
 157              		.global	DebugMon_Handler
 158              		.syntax unified
 159              		.thumb
 160              		.thumb_func
 161              		.fpu fpv4-sp-d16
 163              	DebugMon_Handler:
 164              	.LFB138:
 153:Src/stm32l4xx_it.c **** 
 154:Src/stm32l4xx_it.c **** /**
 155:Src/stm32l4xx_it.c ****   * @brief This function handles Debug monitor.
 156:Src/stm32l4xx_it.c ****   */
 157:Src/stm32l4xx_it.c **** void DebugMon_Handler(void)
 158:Src/stm32l4xx_it.c **** {
 165              		.loc 1 158 1 view -0
 166              		.cfi_startproc
 167              		@ args = 0, pretend = 0, frame = 0
 168              		@ frame_needed = 0, uses_anonymous_args = 0
 169              		@ link register save eliminated.
 159:Src/stm32l4xx_it.c ****   /* USER CODE BEGIN DebugMonitor_IRQn 0 */
 160:Src/stm32l4xx_it.c **** 
 161:Src/stm32l4xx_it.c ****   /* USER CODE END DebugMonitor_IRQn 0 */
 162:Src/stm32l4xx_it.c ****   /* USER CODE BEGIN DebugMonitor_IRQn 1 */
 163:Src/stm32l4xx_it.c **** 
 164:Src/stm32l4xx_it.c ****   /* USER CODE END DebugMonitor_IRQn 1 */
 165:Src/stm32l4xx_it.c **** }
 170              		.loc 1 165 1 view .LVU21
 171 0000 7047     		bx	lr
 172              		.cfi_endproc
 173              	.LFE138:
 175              		.section	.text.PendSV_Handler,"ax",%progbits
 176              		.align	1
 177              		.global	PendSV_Handler
 178              		.syntax unified
 179              		.thumb
 180              		.thumb_func
 181              		.fpu fpv4-sp-d16
 183              	PendSV_Handler:
 184              	.LFB139:
 166:Src/stm32l4xx_it.c **** 
 167:Src/stm32l4xx_it.c **** /**
 168:Src/stm32l4xx_it.c ****   * @brief This function handles Pendable request for system service.
 169:Src/stm32l4xx_it.c ****   */
ARM GAS  C:\Users\andywei\AppData\Local\Temp\ccSCylKh.s 			page 7


 170:Src/stm32l4xx_it.c **** void PendSV_Handler(void)
 171:Src/stm32l4xx_it.c **** {
 185              		.loc 1 171 1 view -0
 186              		.cfi_startproc
 187              		@ args = 0, pretend = 0, frame = 0
 188              		@ frame_needed = 0, uses_anonymous_args = 0
 189              		@ link register save eliminated.
 172:Src/stm32l4xx_it.c ****   /* USER CODE BEGIN PendSV_IRQn 0 */
 173:Src/stm32l4xx_it.c **** 
 174:Src/stm32l4xx_it.c ****   /* USER CODE END PendSV_IRQn 0 */
 175:Src/stm32l4xx_it.c ****   /* USER CODE BEGIN PendSV_IRQn 1 */
 176:Src/stm32l4xx_it.c **** 
 177:Src/stm32l4xx_it.c ****   /* USER CODE END PendSV_IRQn 1 */
 178:Src/stm32l4xx_it.c **** }
 190              		.loc 1 178 1 view .LVU23
 191 0000 7047     		bx	lr
 192              		.cfi_endproc
 193              	.LFE139:
 195              		.section	.text.SysTick_Handler,"ax",%progbits
 196              		.align	1
 197              		.global	SysTick_Handler
 198              		.syntax unified
 199              		.thumb
 200              		.thumb_func
 201              		.fpu fpv4-sp-d16
 203              	SysTick_Handler:
 204              	.LFB140:
 179:Src/stm32l4xx_it.c **** 
 180:Src/stm32l4xx_it.c **** /**
 181:Src/stm32l4xx_it.c ****   * @brief This function handles System tick timer.
 182:Src/stm32l4xx_it.c ****   */
 183:Src/stm32l4xx_it.c **** void SysTick_Handler(void)
 184:Src/stm32l4xx_it.c **** {
 205              		.loc 1 184 1 view -0
 206              		.cfi_startproc
 207              		@ args = 0, pretend = 0, frame = 0
 208              		@ frame_needed = 0, uses_anonymous_args = 0
 209 0000 08B5     		push	{r3, lr}
 210              	.LCFI0:
 211              		.cfi_def_cfa_offset 8
 212              		.cfi_offset 3, -8
 213              		.cfi_offset 14, -4
 185:Src/stm32l4xx_it.c ****   /* USER CODE BEGIN SysTick_IRQn 0 */
 186:Src/stm32l4xx_it.c ****   HAL_SYSTICK_IRQHandler();
 214              		.loc 1 186 3 view .LVU25
 215 0002 FFF7FEFF 		bl	HAL_SYSTICK_IRQHandler
 216              	.LVL0:
 187:Src/stm32l4xx_it.c ****   /* USER CODE END SysTick_IRQn 0 */
 188:Src/stm32l4xx_it.c ****   HAL_IncTick();
 217              		.loc 1 188 3 view .LVU26
 218 0006 FFF7FEFF 		bl	HAL_IncTick
 219              	.LVL1:
 189:Src/stm32l4xx_it.c ****   /* USER CODE BEGIN SysTick_IRQn 1 */
 190:Src/stm32l4xx_it.c **** 
 191:Src/stm32l4xx_it.c ****   /* USER CODE END SysTick_IRQn 1 */
 192:Src/stm32l4xx_it.c **** }
 220              		.loc 1 192 1 is_stmt 0 view .LVU27
ARM GAS  C:\Users\andywei\AppData\Local\Temp\ccSCylKh.s 			page 8


 221 000a 08BD     		pop	{r3, pc}
 222              		.cfi_endproc
 223              	.LFE140:
 225              		.section	.text.EXTI3_IRQHandler,"ax",%progbits
 226              		.align	1
 227              		.global	EXTI3_IRQHandler
 228              		.syntax unified
 229              		.thumb
 230              		.thumb_func
 231              		.fpu fpv4-sp-d16
 233              	EXTI3_IRQHandler:
 234              	.LFB141:
 193:Src/stm32l4xx_it.c **** 
 194:Src/stm32l4xx_it.c **** /******************************************************************************/
 195:Src/stm32l4xx_it.c **** /* STM32L4xx Peripheral Interrupt Handlers                                    */
 196:Src/stm32l4xx_it.c **** /* Add here the Interrupt Handlers for the used peripherals.                  */
 197:Src/stm32l4xx_it.c **** /* For the available peripheral interrupt handler names,                      */
 198:Src/stm32l4xx_it.c **** /* please refer to the startup file (startup_stm32l4xx.s).                    */
 199:Src/stm32l4xx_it.c **** /******************************************************************************/
 200:Src/stm32l4xx_it.c **** 
 201:Src/stm32l4xx_it.c **** /**
 202:Src/stm32l4xx_it.c ****   * @brief This function handles EXTI line3 interrupt.
 203:Src/stm32l4xx_it.c ****   */
 204:Src/stm32l4xx_it.c **** void EXTI3_IRQHandler(void)
 205:Src/stm32l4xx_it.c **** {
 235              		.loc 1 205 1 is_stmt 1 view -0
 236              		.cfi_startproc
 237              		@ args = 0, pretend = 0, frame = 0
 238              		@ frame_needed = 0, uses_anonymous_args = 0
 239 0000 08B5     		push	{r3, lr}
 240              	.LCFI1:
 241              		.cfi_def_cfa_offset 8
 242              		.cfi_offset 3, -8
 243              		.cfi_offset 14, -4
 206:Src/stm32l4xx_it.c ****   /* USER CODE BEGIN EXTI3_IRQn 0 */
 207:Src/stm32l4xx_it.c **** 
 208:Src/stm32l4xx_it.c ****   /* USER CODE END EXTI3_IRQn 0 */
 209:Src/stm32l4xx_it.c ****   HAL_GPIO_EXTI_IRQHandler(GPIO_PIN_3);
 244              		.loc 1 209 3 view .LVU29
 245 0002 0820     		movs	r0, #8
 246 0004 FFF7FEFF 		bl	HAL_GPIO_EXTI_IRQHandler
 247              	.LVL2:
 210:Src/stm32l4xx_it.c ****   /* USER CODE BEGIN EXTI3_IRQn 1 */
 211:Src/stm32l4xx_it.c **** 
 212:Src/stm32l4xx_it.c ****   /* USER CODE END EXTI3_IRQn 1 */
 213:Src/stm32l4xx_it.c **** }
 248              		.loc 1 213 1 is_stmt 0 view .LVU30
 249 0008 08BD     		pop	{r3, pc}
 250              		.cfi_endproc
 251              	.LFE141:
 253              		.section	.text.EXTI4_IRQHandler,"ax",%progbits
 254              		.align	1
 255              		.global	EXTI4_IRQHandler
 256              		.syntax unified
 257              		.thumb
 258              		.thumb_func
 259              		.fpu fpv4-sp-d16
ARM GAS  C:\Users\andywei\AppData\Local\Temp\ccSCylKh.s 			page 9


 261              	EXTI4_IRQHandler:
 262              	.LFB142:
 214:Src/stm32l4xx_it.c **** 
 215:Src/stm32l4xx_it.c **** /**
 216:Src/stm32l4xx_it.c ****   * @brief This function handles EXTI line4 interrupt.
 217:Src/stm32l4xx_it.c ****   */
 218:Src/stm32l4xx_it.c **** void EXTI4_IRQHandler(void)
 219:Src/stm32l4xx_it.c **** {
 263              		.loc 1 219 1 is_stmt 1 view -0
 264              		.cfi_startproc
 265              		@ args = 0, pretend = 0, frame = 0
 266              		@ frame_needed = 0, uses_anonymous_args = 0
 267 0000 08B5     		push	{r3, lr}
 268              	.LCFI2:
 269              		.cfi_def_cfa_offset 8
 270              		.cfi_offset 3, -8
 271              		.cfi_offset 14, -4
 220:Src/stm32l4xx_it.c ****   /* USER CODE BEGIN EXTI4_IRQn 0 */
 221:Src/stm32l4xx_it.c **** 
 222:Src/stm32l4xx_it.c ****   /* USER CODE END EXTI4_IRQn 0 */
 223:Src/stm32l4xx_it.c ****   HAL_GPIO_EXTI_IRQHandler(GPIO_PIN_4);
 272              		.loc 1 223 3 view .LVU32
 273 0002 1020     		movs	r0, #16
 274 0004 FFF7FEFF 		bl	HAL_GPIO_EXTI_IRQHandler
 275              	.LVL3:
 224:Src/stm32l4xx_it.c ****   /* USER CODE BEGIN EXTI4_IRQn 1 */
 225:Src/stm32l4xx_it.c **** 
 226:Src/stm32l4xx_it.c ****   /* USER CODE END EXTI4_IRQn 1 */
 227:Src/stm32l4xx_it.c **** }
 276              		.loc 1 227 1 is_stmt 0 view .LVU33
 277 0008 08BD     		pop	{r3, pc}
 278              		.cfi_endproc
 279              	.LFE142:
 281              		.section	.text.EXTI9_5_IRQHandler,"ax",%progbits
 282              		.align	1
 283              		.global	EXTI9_5_IRQHandler
 284              		.syntax unified
 285              		.thumb
 286              		.thumb_func
 287              		.fpu fpv4-sp-d16
 289              	EXTI9_5_IRQHandler:
 290              	.LFB143:
 228:Src/stm32l4xx_it.c **** 
 229:Src/stm32l4xx_it.c **** /**
 230:Src/stm32l4xx_it.c ****   * @brief This function handles EXTI line[9:5] interrupts.
 231:Src/stm32l4xx_it.c ****   */
 232:Src/stm32l4xx_it.c **** void EXTI9_5_IRQHandler(void)
 233:Src/stm32l4xx_it.c **** {
 291              		.loc 1 233 1 is_stmt 1 view -0
 292              		.cfi_startproc
 293              		@ args = 0, pretend = 0, frame = 0
 294              		@ frame_needed = 0, uses_anonymous_args = 0
 295 0000 08B5     		push	{r3, lr}
 296              	.LCFI3:
 297              		.cfi_def_cfa_offset 8
 298              		.cfi_offset 3, -8
 299              		.cfi_offset 14, -4
ARM GAS  C:\Users\andywei\AppData\Local\Temp\ccSCylKh.s 			page 10


 234:Src/stm32l4xx_it.c ****   /* USER CODE BEGIN EXTI9_5_IRQn 0 */
 235:Src/stm32l4xx_it.c **** 
 236:Src/stm32l4xx_it.c ****   /* USER CODE END EXTI9_5_IRQn 0 */
 237:Src/stm32l4xx_it.c ****   HAL_GPIO_EXTI_IRQHandler(GPIO_PIN_5);
 300              		.loc 1 237 3 view .LVU35
 301 0002 2020     		movs	r0, #32
 302 0004 FFF7FEFF 		bl	HAL_GPIO_EXTI_IRQHandler
 303              	.LVL4:
 238:Src/stm32l4xx_it.c ****   HAL_GPIO_EXTI_IRQHandler(GPIO_PIN_6);
 304              		.loc 1 238 3 view .LVU36
 305 0008 4020     		movs	r0, #64
 306 000a FFF7FEFF 		bl	HAL_GPIO_EXTI_IRQHandler
 307              	.LVL5:
 239:Src/stm32l4xx_it.c ****   /* USER CODE BEGIN EXTI9_5_IRQn 1 */
 240:Src/stm32l4xx_it.c **** 
 241:Src/stm32l4xx_it.c ****   /* USER CODE END EXTI9_5_IRQn 1 */
 242:Src/stm32l4xx_it.c **** }
 308              		.loc 1 242 1 is_stmt 0 view .LVU37
 309 000e 08BD     		pop	{r3, pc}
 310              		.cfi_endproc
 311              	.LFE143:
 313              		.section	.text.USART1_IRQHandler,"ax",%progbits
 314              		.align	1
 315              		.global	USART1_IRQHandler
 316              		.syntax unified
 317              		.thumb
 318              		.thumb_func
 319              		.fpu fpv4-sp-d16
 321              	USART1_IRQHandler:
 322              	.LFB144:
 243:Src/stm32l4xx_it.c **** 
 244:Src/stm32l4xx_it.c **** /**
 245:Src/stm32l4xx_it.c ****   * @brief This function handles USART1 global interrupt.
 246:Src/stm32l4xx_it.c ****   */
 247:Src/stm32l4xx_it.c **** void USART1_IRQHandler(void)
 248:Src/stm32l4xx_it.c **** {
 323              		.loc 1 248 1 is_stmt 1 view -0
 324              		.cfi_startproc
 325              		@ args = 0, pretend = 0, frame = 0
 326              		@ frame_needed = 0, uses_anonymous_args = 0
 327 0000 08B5     		push	{r3, lr}
 328              	.LCFI4:
 329              		.cfi_def_cfa_offset 8
 330              		.cfi_offset 3, -8
 331              		.cfi_offset 14, -4
 249:Src/stm32l4xx_it.c ****   /* USER CODE BEGIN USART1_IRQn 0 */
 250:Src/stm32l4xx_it.c **** 
 251:Src/stm32l4xx_it.c ****   /* USER CODE END USART1_IRQn 0 */
 252:Src/stm32l4xx_it.c ****   HAL_UART_IRQHandler(&huart1);
 332              		.loc 1 252 3 view .LVU39
 333 0002 0248     		ldr	r0, .L23
 334 0004 FFF7FEFF 		bl	HAL_UART_IRQHandler
 335              	.LVL6:
 253:Src/stm32l4xx_it.c ****   /* USER CODE BEGIN USART1_IRQn 1 */
 254:Src/stm32l4xx_it.c **** 
 255:Src/stm32l4xx_it.c ****   /* USER CODE END USART1_IRQn 1 */
 256:Src/stm32l4xx_it.c **** }
ARM GAS  C:\Users\andywei\AppData\Local\Temp\ccSCylKh.s 			page 11


 336              		.loc 1 256 1 is_stmt 0 view .LVU40
 337 0008 08BD     		pop	{r3, pc}
 338              	.L24:
 339 000a 00BF     		.align	2
 340              	.L23:
 341 000c 00000000 		.word	huart1
 342              		.cfi_endproc
 343              	.LFE144:
 345              		.section	.text.USART2_IRQHandler,"ax",%progbits
 346              		.align	1
 347              		.global	USART2_IRQHandler
 348              		.syntax unified
 349              		.thumb
 350              		.thumb_func
 351              		.fpu fpv4-sp-d16
 353              	USART2_IRQHandler:
 354              	.LFB145:
 257:Src/stm32l4xx_it.c **** 
 258:Src/stm32l4xx_it.c **** /**
 259:Src/stm32l4xx_it.c ****   * @brief This function handles USART2 global interrupt.
 260:Src/stm32l4xx_it.c ****   */
 261:Src/stm32l4xx_it.c **** void USART2_IRQHandler(void)
 262:Src/stm32l4xx_it.c **** {
 355              		.loc 1 262 1 is_stmt 1 view -0
 356              		.cfi_startproc
 357              		@ args = 0, pretend = 0, frame = 0
 358              		@ frame_needed = 0, uses_anonymous_args = 0
 359 0000 08B5     		push	{r3, lr}
 360              	.LCFI5:
 361              		.cfi_def_cfa_offset 8
 362              		.cfi_offset 3, -8
 363              		.cfi_offset 14, -4
 263:Src/stm32l4xx_it.c ****   /* USER CODE BEGIN USART2_IRQn 0 */
 264:Src/stm32l4xx_it.c ****   if(__HAL_UART_GET_IT_SOURCE(&huart2, UART_IT_RXNE)!= RESET) 
 364              		.loc 1 264 3 view .LVU42
 365              		.loc 1 264 6 is_stmt 0 view .LVU43
 366 0002 084B     		ldr	r3, .L29
 367 0004 1B68     		ldr	r3, [r3]
 368 0006 1B68     		ldr	r3, [r3]
 369              		.loc 1 264 5 view .LVU44
 370 0008 13F0200F 		tst	r3, #32
 371 000c 06D1     		bne	.L28
 372              	.L26:
 265:Src/stm32l4xx_it.c **** 	{
 266:Src/stm32l4xx_it.c **** 		Modbus_Master_Rece_Handler();
 267:Src/stm32l4xx_it.c **** 	}
 268:Src/stm32l4xx_it.c **** 	HAL_NVIC_ClearPendingIRQ(USART2_IRQn);
 373              		.loc 1 268 2 is_stmt 1 view .LVU45
 374 000e 2620     		movs	r0, #38
 375 0010 FFF7FEFF 		bl	HAL_NVIC_ClearPendingIRQ
 376              	.LVL7:
 269:Src/stm32l4xx_it.c ****   /* USER CODE END USART2_IRQn 0 */
 270:Src/stm32l4xx_it.c ****   HAL_UART_IRQHandler(&huart2);
 377              		.loc 1 270 3 view .LVU46
 378 0014 0348     		ldr	r0, .L29
 379 0016 FFF7FEFF 		bl	HAL_UART_IRQHandler
 380              	.LVL8:
ARM GAS  C:\Users\andywei\AppData\Local\Temp\ccSCylKh.s 			page 12


 271:Src/stm32l4xx_it.c ****   /* USER CODE BEGIN USART2_IRQn 1 */
 272:Src/stm32l4xx_it.c **** 
 273:Src/stm32l4xx_it.c ****   /* USER CODE END USART2_IRQn 1 */
 274:Src/stm32l4xx_it.c **** }
 381              		.loc 1 274 1 is_stmt 0 view .LVU47
 382 001a 08BD     		pop	{r3, pc}
 383              	.L28:
 384              	.LBB2:
 266:Src/stm32l4xx_it.c **** 	}
 385              		.loc 1 266 3 is_stmt 1 view .LVU48
 386 001c FFF7FEFF 		bl	Modbus_Master_Rece_Handler
 387              	.LVL9:
 388 0020 F5E7     		b	.L26
 389              	.L30:
 390 0022 00BF     		.align	2
 391              	.L29:
 392 0024 00000000 		.word	huart2
 393              	.LBE2:
 394              		.cfi_endproc
 395              	.LFE145:
 397              		.section	.text.EXTI15_10_IRQHandler,"ax",%progbits
 398              		.align	1
 399              		.global	EXTI15_10_IRQHandler
 400              		.syntax unified
 401              		.thumb
 402              		.thumb_func
 403              		.fpu fpv4-sp-d16
 405              	EXTI15_10_IRQHandler:
 406              	.LFB146:
 275:Src/stm32l4xx_it.c **** 
 276:Src/stm32l4xx_it.c **** /**
 277:Src/stm32l4xx_it.c ****   * @brief This function handles EXTI line[15:10] interrupts.
 278:Src/stm32l4xx_it.c ****   */
 279:Src/stm32l4xx_it.c **** void EXTI15_10_IRQHandler(void)
 280:Src/stm32l4xx_it.c **** {
 407              		.loc 1 280 1 view -0
 408              		.cfi_startproc
 409              		@ args = 0, pretend = 0, frame = 0
 410              		@ frame_needed = 0, uses_anonymous_args = 0
 411 0000 08B5     		push	{r3, lr}
 412              	.LCFI6:
 413              		.cfi_def_cfa_offset 8
 414              		.cfi_offset 3, -8
 415              		.cfi_offset 14, -4
 281:Src/stm32l4xx_it.c ****   /* USER CODE BEGIN EXTI15_10_IRQn 0 */
 282:Src/stm32l4xx_it.c **** 
 283:Src/stm32l4xx_it.c ****   /* USER CODE END EXTI15_10_IRQn 0 */
 284:Src/stm32l4xx_it.c ****   HAL_GPIO_EXTI_IRQHandler(GPIO_PIN_10);
 416              		.loc 1 284 3 view .LVU50
 417 0002 4FF48060 		mov	r0, #1024
 418 0006 FFF7FEFF 		bl	HAL_GPIO_EXTI_IRQHandler
 419              	.LVL10:
 285:Src/stm32l4xx_it.c ****   HAL_GPIO_EXTI_IRQHandler(GPIO_PIN_13);
 420              		.loc 1 285 3 view .LVU51
 421 000a 4FF40050 		mov	r0, #8192
 422 000e FFF7FEFF 		bl	HAL_GPIO_EXTI_IRQHandler
 423              	.LVL11:
ARM GAS  C:\Users\andywei\AppData\Local\Temp\ccSCylKh.s 			page 13


 286:Src/stm32l4xx_it.c ****   /* USER CODE BEGIN EXTI15_10_IRQn 1 */
 287:Src/stm32l4xx_it.c **** 
 288:Src/stm32l4xx_it.c ****   /* USER CODE END EXTI15_10_IRQn 1 */
 289:Src/stm32l4xx_it.c **** }
 424              		.loc 1 289 1 is_stmt 0 view .LVU52
 425 0012 08BD     		pop	{r3, pc}
 426              		.cfi_endproc
 427              	.LFE146:
 429              		.text
 430              	.Letext0:
 431              		.file 2 "c:\\gnu arm embedded toolchain\\9 2020-q2-update\\arm-none-eabi\\include\\machine\\_defau
 432              		.file 3 "c:\\gnu arm embedded toolchain\\9 2020-q2-update\\arm-none-eabi\\include\\sys\\_stdint.h"
 433              		.file 4 "Drivers/CMSIS/Include/core_cm4.h"
 434              		.file 5 "Drivers/CMSIS/Device/ST/STM32L4xx/Include/system_stm32l4xx.h"
 435              		.file 6 "Drivers/CMSIS/Device/ST/STM32L4xx/Include/stm32l476xx.h"
 436              		.file 7 "Drivers/CMSIS/Device/ST/STM32L4xx/Include/stm32l4xx.h"
 437              		.file 8 "Drivers/STM32L4xx_HAL_Driver/Inc/stm32l4xx_hal_def.h"
 438              		.file 9 "Drivers/STM32L4xx_HAL_Driver/Inc/stm32l4xx_hal_dma.h"
 439              		.file 10 "Drivers/STM32L4xx_HAL_Driver/Inc/stm32l4xx_hal_flash.h"
 440              		.file 11 "Drivers/STM32L4xx_HAL_Driver/Inc/stm32l4xx_hal_uart.h"
 441              		.file 12 "Drivers/STM32L4xx_HAL_Driver/Inc/stm32l4xx_hal.h"
 442              		.file 13 "c:\\gnu arm embedded toolchain\\9 2020-q2-update\\lib\\gcc\\arm-none-eabi\\9.3.1\\includ
 443              		.file 14 "c:\\gnu arm embedded toolchain\\9 2020-q2-update\\arm-none-eabi\\include\\sys\\_types.h"
 444              		.file 15 "c:\\gnu arm embedded toolchain\\9 2020-q2-update\\arm-none-eabi\\include\\sys\\reent.h"
 445              		.file 16 "c:\\gnu arm embedded toolchain\\9 2020-q2-update\\arm-none-eabi\\include\\sys\\lock.h"
 446              		.file 17 "Drivers/STM32L4xx_HAL_Driver/Inc/stm32l4xx_hal_gpio.h"
 447              		.file 18 "Drivers/STM32L4xx_HAL_Driver/Inc/stm32l4xx_hal_cortex.h"
ARM GAS  C:\Users\andywei\AppData\Local\Temp\ccSCylKh.s 			page 14


DEFINED SYMBOLS
                            *ABS*:00000000 stm32l4xx_it.c
C:\Users\andywei\AppData\Local\Temp\ccSCylKh.s:18     .text.NMI_Handler:00000000 $t
C:\Users\andywei\AppData\Local\Temp\ccSCylKh.s:26     .text.NMI_Handler:00000000 NMI_Handler
C:\Users\andywei\AppData\Local\Temp\ccSCylKh.s:40     .text.HardFault_Handler:00000000 $t
C:\Users\andywei\AppData\Local\Temp\ccSCylKh.s:47     .text.HardFault_Handler:00000000 HardFault_Handler
C:\Users\andywei\AppData\Local\Temp\ccSCylKh.s:64     .text.MemManage_Handler:00000000 $t
C:\Users\andywei\AppData\Local\Temp\ccSCylKh.s:71     .text.MemManage_Handler:00000000 MemManage_Handler
C:\Users\andywei\AppData\Local\Temp\ccSCylKh.s:88     .text.BusFault_Handler:00000000 $t
C:\Users\andywei\AppData\Local\Temp\ccSCylKh.s:95     .text.BusFault_Handler:00000000 BusFault_Handler
C:\Users\andywei\AppData\Local\Temp\ccSCylKh.s:112    .text.UsageFault_Handler:00000000 $t
C:\Users\andywei\AppData\Local\Temp\ccSCylKh.s:119    .text.UsageFault_Handler:00000000 UsageFault_Handler
C:\Users\andywei\AppData\Local\Temp\ccSCylKh.s:136    .text.SVC_Handler:00000000 $t
C:\Users\andywei\AppData\Local\Temp\ccSCylKh.s:143    .text.SVC_Handler:00000000 SVC_Handler
C:\Users\andywei\AppData\Local\Temp\ccSCylKh.s:156    .text.DebugMon_Handler:00000000 $t
C:\Users\andywei\AppData\Local\Temp\ccSCylKh.s:163    .text.DebugMon_Handler:00000000 DebugMon_Handler
C:\Users\andywei\AppData\Local\Temp\ccSCylKh.s:176    .text.PendSV_Handler:00000000 $t
C:\Users\andywei\AppData\Local\Temp\ccSCylKh.s:183    .text.PendSV_Handler:00000000 PendSV_Handler
C:\Users\andywei\AppData\Local\Temp\ccSCylKh.s:196    .text.SysTick_Handler:00000000 $t
C:\Users\andywei\AppData\Local\Temp\ccSCylKh.s:203    .text.SysTick_Handler:00000000 SysTick_Handler
C:\Users\andywei\AppData\Local\Temp\ccSCylKh.s:226    .text.EXTI3_IRQHandler:00000000 $t
C:\Users\andywei\AppData\Local\Temp\ccSCylKh.s:233    .text.EXTI3_IRQHandler:00000000 EXTI3_IRQHandler
C:\Users\andywei\AppData\Local\Temp\ccSCylKh.s:254    .text.EXTI4_IRQHandler:00000000 $t
C:\Users\andywei\AppData\Local\Temp\ccSCylKh.s:261    .text.EXTI4_IRQHandler:00000000 EXTI4_IRQHandler
C:\Users\andywei\AppData\Local\Temp\ccSCylKh.s:282    .text.EXTI9_5_IRQHandler:00000000 $t
C:\Users\andywei\AppData\Local\Temp\ccSCylKh.s:289    .text.EXTI9_5_IRQHandler:00000000 EXTI9_5_IRQHandler
C:\Users\andywei\AppData\Local\Temp\ccSCylKh.s:314    .text.USART1_IRQHandler:00000000 $t
C:\Users\andywei\AppData\Local\Temp\ccSCylKh.s:321    .text.USART1_IRQHandler:00000000 USART1_IRQHandler
C:\Users\andywei\AppData\Local\Temp\ccSCylKh.s:341    .text.USART1_IRQHandler:0000000c $d
C:\Users\andywei\AppData\Local\Temp\ccSCylKh.s:346    .text.USART2_IRQHandler:00000000 $t
C:\Users\andywei\AppData\Local\Temp\ccSCylKh.s:353    .text.USART2_IRQHandler:00000000 USART2_IRQHandler
C:\Users\andywei\AppData\Local\Temp\ccSCylKh.s:392    .text.USART2_IRQHandler:00000024 $d
C:\Users\andywei\AppData\Local\Temp\ccSCylKh.s:398    .text.EXTI15_10_IRQHandler:00000000 $t
C:\Users\andywei\AppData\Local\Temp\ccSCylKh.s:405    .text.EXTI15_10_IRQHandler:00000000 EXTI15_10_IRQHandler

UNDEFINED SYMBOLS
HAL_SYSTICK_IRQHandler
HAL_IncTick
HAL_GPIO_EXTI_IRQHandler
HAL_UART_IRQHandler
huart1
HAL_NVIC_ClearPendingIRQ
Modbus_Master_Rece_Handler
huart2
